<Event xmlns=""http://schemas.microsoft.com/win/2004/08/events/event"">
  <System>
    <Provider Name=""Microsoft-Windows-Sysmon"" Guid=""5770385F-C22A-43E0-BF4C-06F5698FFBD9"">
    </Provider>
    <EventID>1</EventID>
    <Version>5</Version>
    <Level>4</Level>
    <Task>1</Task>
    <Opcode>0</Opcode>
    <Keywords>0x8000000000000000</Keywords>
    <TimeCreated SystemTime=""2020-03-21T05:00:25.421856Z"">
    </TimeCreated>
    <EventRecordID>243552</EventRecordID>
    <Correlation>
    </Correlation>
    <Execution ProcessID=""2860"" ThreadID=""3508"">
    </Execution>
    <Channel>Microsoft-Windows-Sysmon/Operational</Channel>
    <Computer>MSEDGEWIN10</Computer>
    <Security UserID=""S-1-5-18"">
    </Security>
  </System>
  <EventData>
    <Data Name=""RuleName""></Data>
    <Data Name=""UtcTime"">2020-03-21 05:00:25.397</Data>
    <Data Name=""ProcessGuid"">747F3D96-9F69-5E75-0000-001033922000</Data>
    <Data Name=""ProcessId"">6572</Data>
    <Data Name=""Image"">C:\Windows\System32\rundll32.exe</Data>
    <Data Name=""FileVersion"">10.0.17763.1 (WinBuild.160101.0800)</Data>
    <Data Name=""Description"">Windows host process (Rundll32)</Data>
    <Data Name=""Product"">Microsoft® Windows® Operating System</Data>
    <Data Name=""Company"">Microsoft Corporation</Data>
    <Data Name=""OriginalFileName"">RUNDLL32.EXE</Data>
    <Data Name=""CommandLine"">rundll32 windowscoredeviceinfo.dll,CreateBackdoor</Data>
    <Data Name=""CurrentDirectory"">C:\Windows\system32\</Data>
    <Data Name=""User"">NT AUTHORITY\SYSTEM</Data>
    <Data Name=""LogonGuid"">747F3D96-9DBA-5E75-0000-0020E7030000</Data>
    <Data Name=""LogonId"">0x3e7</Data>
    <Data Name=""TerminalSessionId"">0</Data>
    <Data Name=""IntegrityLevel"">System</Data>
    <Data Name=""Hashes"">SHA1=F3BA3415DD068A8871F285570BEA2E29874CBFF1,MD5=C73BA51880F5A7FB20C84185A23212EF,SHA256=01B407AF0200B66A34D9B1FA6D9EAAB758EFA36A36BB99B554384F59F8690B1A,IMPHASH=F27A7FC3A53E74F45BE370131953896A</Data>
    <Data Name=""ParentProcessGuid"">747F3D96-9DBC-5E75-0000-00102C390100</Data>
    <Data Name=""ParentProcessId"">1652</Data>
    <Data Name=""ParentImage"">C:\Windows\System32\svchost.exe</Data>
    <Data Name=""ParentCommandLine"">C:\Windows\system32\svchost.exe -k netsvcs -p -s wuauserv</Data>
  </EventData>
</Event>",MSEDGEWIN10,Microsoft-Windows-Sysmon/Operational
[  T1003 ] Credential Dumping ImageLoad,1555606894.689291,2019-04-18T21:01:34.689291+04:00,,Threat,Medium,[  T1003 ] Credential Dumping ImageLoad,7,"<?xml version=""1.0"" encoding=""utf-8""?>
<Event xmlns=""http://schemas.microsoft.com/win/2004/08/events/event"">
  <System>
    <Provider Name=""Microsoft-Windows-Sysmon"" Guid=""5770385F-C22A-43E0-BF4C-06F5698FFBD9"">
    </Provider>
    <EventID>7</EventID>
    <Version>3</Version>
    <Level>4</Level>
    <Task>7</Task>
    <Opcode>0</Opcode>
    <Keywords>0x8000000000000000</Keywords>
    <TimeCreated SystemTime=""2019-04-18T17:01:34.659248Z"">
    </TimeCreated>
    <EventRecordID>27</EventRecordID>
    <Correlation>
    </Correlation>
    <Execution ProcessID=""3192"" ThreadID=""3288"">
    </Execution>
    <Channel>Microsoft-Windows-Sysmon/Operational</Channel>
    <Computer>IEWIN7</Computer>
    <Security UserID=""S-1-5-18"">
    </Security>
  </System>
  <EventData>
    <Data Name=""RuleName"">technique_id=T1003,technique_name=Credential Dumping</Data>
    <Data Name=""UtcTime"">2019-04-18 17:01:34.629</Data>
    <Data Name=""ProcessGuid"">365ABB72-AC28-5CB8-0000-0010F3F70700</Data>
    <Data Name=""ProcessId"">1200</Data>
    <Data Name=""Image"">C:\Windows\System32\WindowsPowerShell\v1.0\powershell.exe</Data>
    <Data Name=""ImageLoaded"">C:\Windows\System32\hid.dll</Data>
    <Data Name=""FileVersion"">6.1.7600.16385 (win7_rtm.090713-1255)</Data>
    <Data Name=""Description"">Hid User Library</Data>
    <Data Name=""Product"">Microsoft® Windows® Operating System</Data>
    <Data Name=""Company"">Microsoft Corporation</Data>
    <Data Name=""Hashes"">SHA1=1BC4F63F2111059372F02E0B3893A38589B38688,MD5=63DF770DF74ACB370EF5A16727069AAF,SHA256=B8F96336BF87F1153C245D19606CBD10FBE7CF2795BCC762F2A1B57CB7C39116,IMPHASH=480C71617B8C5E2173781DA9C5B742AE</Data>
    <Data Name=""Signed"">true</Data>
    <Data Name=""Signature"">Microsoft Windows</Data>
    <Data Name=""SignatureStatus"">Valid</Data>
  </EventData>
</Event>",IEWIN7,Microsoft-Windows-Sysmon/Operational
[T1003] Processes opening handles and accessing Lsass with potential dlls in memory,1555606894.689291,2019-04-18T21:01:34.689291+04:00,,Threat,High,[T1003] Processes opening handles and accessing Lsass with potential dlls in memory,7,"<?xml version=""1.0"" encoding=""utf-8""?>
<Event xmlns=""http://schemas.microsoft.com/win/2004/08/events/event"">
  <System>
    <Provider Name=""Microsoft-Windows-Sysmon"" Guid=""5770385F-C22A-43E0-BF4C-06F5698FFBD9"">
    </Provider>
    <EventID>7</EventID>
    <Version>3</Version>
    <Level>4</Level>
    <Task>7</Task>
    <Opcode>0</Opcode>
    <Keywords>0x8000000000000000</Keywords>
    <TimeCreated SystemTime=""2019-04-18T17:01:34.659248Z"">
    </TimeCreated>
    <EventRecordID>27</EventRecordID>
    <Correlation>
    </Correlation>
    <Execution ProcessID=""3192"" ThreadID=""3288"">
    </Execution>
    <Channel>Microsoft-Windows-Sysmon/Operational</Channel>
    <Computer>IEWIN7</Computer>
    <Security UserID=""S-1-5-18"">
    </Security>
  </System>
  <EventData>
    <Data Name=""RuleName"">technique_id=T1003,technique_name=Credential Dumping</Data>
    <Data Name=""UtcTime"">2019-04-18 17:01:34.629</Data>
    <Data Name=""ProcessGuid"">365ABB72-AC28-5CB8-0000-0010F3F70700</Data>
    <Data Name=""ProcessId"">1200</Data>
    <Data Name=""Image"">C:\Windows\System32\WindowsPowerShell\v1.0\powershell.exe</Data>
    <Data Name=""ImageLoaded"">C:\Windows\System32\hid.dll</Data>
    <Data Name=""FileVersion"">6.1.7600.16385 (win7_rtm.090713-1255)</Data>
    <Data Name=""Description"">Hid User Library</Data>
    <Data Name=""Product"">Microsoft® Windows® Operating System</Data>
    <Data Name=""Company"">Microsoft Corporation</Data>
    <Data Name=""Hashes"">SHA1=1BC4F63F2111059372F02E0B3893A38589B38688,MD5=63DF770DF74ACB370EF5A16727069AAF,SHA256=B8F96336BF87F1153C245D19606CBD10FBE7CF2795BCC762F2A1B57CB7C39116,IMPHASH=480C71617B8C5E2173781DA9C5B742AE</Data>
    <Data Name=""Signed"">true</Data>
    <Data Name=""Signature"">Microsoft Windows</Data>
    <Data Name=""SignatureStatus"">Valid</Data>
  </EventData>
</Event>",IEWIN7,Microsoft-Windows-Sysmon/Operational
[T1059] Command-Line Interface,1558920557.581146,2019-05-27T05:29:17.581146+04:00,,Threat,Low,Found User (IIS APPPOOL\DefaultAppPool) running image ( C:\Windows\System32\inetsrv\appcmd.exe ) through command line ( &quot;C:\Windows\System32\inetsrv\appcmd.exe&quot;  list apppool /text:processmodel.password ),1,"<?xml version=""1.0"" encoding=""utf-8""?>
<Event xmlns=""http://schemas.microsoft.com/win/2004/08/events/event"">
  <System>
    <Provider Name=""Microsoft-Windows-Sysmon"" Guid=""5770385F-C22A-43E0-BF4C-06F5698FFBD9"">
    </Provider>
    <EventID>1</EventID>
    <Version>5</Version>
    <Level>4</Level>
    <Task>1</Task>
    <Opcode>0</Opcode>
    <Keywords>0x8000000000000000</Keywords>
    <TimeCreated SystemTime=""2019-05-27T01:29:17.581146Z"">
    </TimeCreated>
    <EventRecordID>5892</EventRecordID>
    <Correlation>
    </Correlation>
    <Execution ProcessID=""324"" ThreadID=""2260"">
    </Execution>
    <Channel>Microsoft-Windows-Sysmon/Operational</Channel>
    <Computer>IEWIN7</Computer>
    <Security UserID=""S-1-5-18"">
    </Security>
  </System>
  <EventData>
    <Data Name=""RuleName""></Data>
    <Data Name=""UtcTime"">2019-05-27 01:29:17.420</Data>
    <Data Name=""ProcessGuid"">365ABB72-3D6D-5CEB-0000-0010576BFF00</Data>
    <Data Name=""ProcessId"">2928</Data>
    <Data Name=""Image"">C:\Windows\System32\inetsrv\appcmd.exe</Data>
    <Data Name=""FileVersion"">7.5.7600.16385 (win7_rtm.090713-1255)</Data>
    <Data Name=""Description"">Application Server Command Line Admin Tool</Data>
    <Data Name=""Product"">Internet Information Services</Data>
    <Data Name=""Company"">Microsoft Corporation</Data>
    <Data Name=""CommandLine"">&quot;C:\Windows\System32\inetsrv\appcmd.exe&quot;  list apppool /text:processmodel.password</Data>
    <Data Name=""CurrentDirectory"">C:\Windows\Temp\</Data>
    <Data Name=""User"">IIS APPPOOL\DefaultAppPool</Data>
    <Data Name=""LogonGuid"">365ABB72-B26B-5CEA-0000-002023240800</Data>
    <Data Name=""LogonId"">0x82423</Data>
    <Data Name=""TerminalSessionId"">0</Data>
    <Data Name=""IntegrityLevel"">High</Data>
    <Data Name=""Hashes"">SHA1=C5423FEF0E8E211BB8BAB9C11E730048BBED7B29,MD5=0E5BC786206A3762CE47A0A2DBD01D7B,SHA256=113F68086A3F02276395CB70C72B00ED33A47FD00820D229093CD6ADDC2F73F4,IMPHASH=1697BBEAB0AC62DD7B8016CE25425F45</Data>
    <Data Name=""ParentProcessGuid"">365ABB72-3D4A-5CEB-0000-0010FA93FD00</Data>
    <Data Name=""ParentProcessId"">2584</Data>
    <Data Name=""ParentImage"">C:\Windows\System32\WindowsPowerShell\v1.0\powershell.exe</Data>
    <Data Name=""ParentCommandLine"">&quot;C:\Windows\System32\WindowsPowerShell\v1.0\powershell.exe&quot;  -nop -noni -enc JABQAHIAbwBnAHIAZQBzAHMAUAByAGUAZgBlAHIAZQBuAGMAZQAgAD0AIAAiAFMAaQBsAGUAbgB0AGwAeQBDAG8AbgB0AGkAbgB1AGUAIgA7ACQAcABhAHQAaABfAGkAbgBfAG0AbwBkAHUAbABlAD0AIgBDADoAXABXAGkAbgBkAG8AdwBzAFwAVABlAG0AcABcADYAagByAHgAawAzAFwAZwBmAGcAOQBpACIAOwAkAHAAYQB0AGgAXwBpAG4AXwBhAHAAcABfAGMAbwBkAGUAPQAiAEMAOgBcAFcAaQBuAGQAbwB3AHMAXABUAGUAbQBwAFwANgBqAHIAeABrADMAXABuAGoAYQA5AHQANgA0AHIAcgBsAHUAOAAiADsAJABrAGUAeQA9AFsAUwB5AHMAdABlAG0ALgBUAGUAeAB0AC4ARQBuAGMAbwBkAGkAbgBnAF0AOgA6AFUAVABGADgALgBHAGUAdABCAHkAdABlAHMAKAAnADgAZAA5ADYAOQBlAGUAZgA2AGUAYwBhAGQAMwBjADIAOQBhADMAYQA2ADIAOQAyADgAMABlADYAOAA2AGMAZgAwAGMAMwBmADUAZAA1AGEAOAA2AGEAZgBmADMAYwBhADEAMgAwADIAMABjADkAMgAzAGEAZABjADYAYwA5ADIAJwApADsAJABlAG4AYwBfAG0AbwBkAHUAbABlAD0AWwBTAHkAcwB0AGUAbQAuAEkATwAuAEYAaQBsAGUAXQA6ADoAUgBlAGEAZABBAGwAbABCAHkAdABlAHMAKAAkAHAAYQB0AGgAXwBpAG4AXwBtAG8AZAB1AGwAZQApADsAJABlAG4AYwBfAGEAcABwAF8AYwBvAGQAZQA9AFsAUwB5AHMAdABlAG0ALgBJAE8ALgBGAGkAbABlAF0AOgA6AFIAZQBhAGQAQQBsAGwAQgB5AHQAZQBzACgAJABwAGEAdABoAF8AaQBuAF8AYQBwAHAAXwBjAG8AZABlACkAOwAkAGQAZQBjAF8AbQBvAGQAdQBsAGUAPQBOAGUAdwAtAE8AYgBqAGUAYwB0ACAAQgB5AHQAZQBbAF0AIAAkAGUAbgBjAF8AbQBvAGQAdQBsAGUALgBMAGUAbgBnAHQAaAA7ACQAZABlAGMAXwBhAHAAcABfAGMAbwBkAGUAPQBOAGUAdwAtAE8AYgBqAGUAYwB0ACAAQgB5AHQAZQBbAF0AIAAkAGUAbgBjAF8AYQBwAHAAXwBjAG8AZABlAC4ATABlAG4AZwB0AGgAOwBmAG8AcgAgACgAJABpACAAPQAgADAAOwAgACQAaQAgAC0AbAB0ACAAJABlAG4AYwBfAG0AbwBkAHUAbABlAC4ATABlAG4AZwB0AGgAOwAgACQAaQArACsAKQAgAHsAJABkAGUAYwBfAG0AbwBkAHUAbABlAFsAJABpAF0AIAA9ACAAJABlAG4AYwBfAG0AbwBkAHUAbABlAFsAJABpAF0AIAAtAGIAeABvAHIAIAAkAGsAZQB5AFsAJABpACAAJQAgACQAawBlAHkALgBMAGUAbgBnAHQAaABdADsAfQA7AGYAbwByACAAKAAkAGkAIAA9ACAAMAA7ACAAJABpACAALQBsAHQAIAAkAGUAbgBjAF8AYQBwAHAAXwBjAG8AZABlAC4ATABlAG4AZwB0AGgAOwAgACQAaQArACsAKQAgAHsAJABkAGUAYwBfAGEAcABwAF8AYwBvAGQAZQBbACQAaQBdACAAPQAgACQAZQBuAGMAXwBhAHAAcABfAGMAbwBkAGUAWwAkAGkAXQAgAC0AYgB4AG8AcgAgACQAawBlAHkAWwAkAGkAIAAlACAAJABrAGUAeQAuAEwAZQBuAGcAdABoAF0AOwB9ADsAJABkAGUAYwBfAG0AbwBkAHUAbABlAD0AWwBTAHkAcwB0AGUAbQAuAFQAZQB4AHQALgBFAG4AYwBvAGQAaQBuAGcAXQA6ADoAVQBUAEYAOAAuAEcAZQB0AFMAdAByAGkAbgBnACgAJABkAGUAYwBfAG0AbwBkAHUAbABlACkAOwAkAGQAZQBjAF8AYQBwAHAAXwBjAG8AZABlAD0AWwBTAHkAcwB0AGUAbQAuAFQAZQB4AHQALgBFAG4AYwBvAGQAaQBuAGcAXQA6ADoAVQBUAEYAOAAuAEcAZQB0AFMAdAByAGkAbgBnACgAJABkAGUAYwBfAGEAcABwAF8AYwBvAGQAZQApADsAJAAoACQAZABlAGMAXwBtAG8AZAB1AGwAZQArACQAZABlAGMAXwBhAHAAcABfAGMAbwBkAGUAKQB8AGkAZQB4ADsAUgBlAG0AbwB2AGUALQBJAHQAZQBtACAALQBQAGEAdABoACAAJABwAGEAdABoAF8AaQBuAF8AYQBwAHAAXwBjAG8AZABlACAALQBGAG8AcgBjAGUAIAAyAD4AJgAxACAAfAAgAE8AdQB0AC0ATgB1AGwAbAA7AA==</Data>
  </EventData>
</Event>",IEWIN7,Microsoft-Windows-Sysmon/Operational
[T1082] System Information Discovery,1584794166.990686,2020-03-21T16:36:06.990686+04:00,,Threat,Critical,System Information Discovery Process ( C:\Windows\System32\whoami.exe) ith commandline ( whoami) ,1,"<?xml version=""1.0"" encoding=""utf-8""?>
<Event xmlns=""http://schemas.microsoft.com/win/2004/08/events/event"">
  <System>
    <Provider Name=""Microsoft-Windows-Sysmon"" Guid=""5770385F-C22A-43E0-BF4C-06F5698FFBD9"">
    </Provider>
    <EventID>1</EventID>
    <Version>5</Version>
    <Level>4</Level>
    <Task>1</Task>
    <Opcode>0</Opcode>
    <Keywords>0x8000000000000000</Keywords>
    <TimeCreated SystemTime=""2020-03-21T12:36:03.901088Z"">
    </TimeCreated>
    <EventRecordID>244341</EventRecordID>
    <Correlation>
    </Correlation>
    <Execution ProcessID=""2844"" ThreadID=""3648"">
    </Execution>
    <Channel>Microsoft-Windows-Sysmon/Operational</Channel>
    <Computer>MSEDGEWIN10</Computer>
    <Security UserID=""S-1-5-18"">
    </Security>
  </System>
  <EventData>
    <Data Name=""RuleName""></Data>
    <Data Name=""UtcTime"">2020-03-21 12:36:03.899</Data>
    <Data Name=""ProcessGuid"">747F3D96-0A33-5E76-0000-0010B8813D00</Data>
    <Data Name=""ProcessId"">3696</Data>
    <Data Name=""Image"">C:\Windows\System32\whoami.exe</Data>
    <Data Name=""FileVersion"">10.0.17763.1 (WinBuild.160101.0800)</Data>
    <Data Name=""Description"">whoami - displays logged on user information</Data>
    <Data Name=""Product"">Microsoft® Windows® Operating System</Data>
    <Data Name=""Company"">Microsoft Corporation</Data>
    <Data Name=""OriginalFileName"">whoami.exe</Data>
    <Data Name=""CommandLine"">whoami</Data>
    <Data Name=""CurrentDirectory"">C:\Windows\system32\</Data>
    <Data Name=""User"">NT AUTHORITY\SYSTEM</Data>
    <Data Name=""LogonGuid"">747F3D96-069C-5E76-0000-0020E7030000</Data>
    <Data Name=""LogonId"">0x3e7</Data>
    <Data Name=""TerminalSessionId"">0</Data>
    <Data Name=""IntegrityLevel"">System</Data>
    <Data Name=""Hashes"">SHA1=47D7864D26FC67E0D60391CBF170D33DA518C322,MD5=43C2D3293AD939241DF61B3630A9D3B6,SHA256=1D5491E3C468EE4B4EF6EDFF4BBC7D06EE83180F6F0B1576763EA2EFE049493A,IMPHASH=7FF0758B766F747CE57DFAC70743FB88</Data>
    <Data Name=""ParentProcessGuid"">747F3D96-08DA-5E76-0000-001054382E00</Data>
    <Data Name=""ParentProcessId"">2632</Data>
    <Data Name=""ParentImage"">C:\Windows\System32\cmd.exe</Data>
    <Data Name=""ParentCommandLine"">&quot;C:\Windows\system32\cmd.exe&quot;</Data>
  </EventData>
</Event>",MSEDGEWIN10,Microsoft-Windows-Sysmon/Operational
[T1053] Scheduled Task manipulation ,1558843303.567204,2019-05-26T08:01:43.567204+04:00,,Threat,Medium,"Found User (NT AUTHORITY\SYSTEM) Trying to run taskeng.exe or svchost.exe with Command Line (C:\Windows\system32\svchost.exe) and Parent Image :C:\Users\IEUser\Desktop\info.rar\jjs.exe , Parent CommandLine (&quot;C:\Users\IEUser\Desktop\info.rar\jjs.exe&quot;) in directory : ( C:\Windows\system32\ )",1,"<?xml version=""1.0"" encoding=""utf-8""?>
<Event xmlns=""http://schemas.microsoft.com/win/2004/08/events/event"">
  <System>
    <Provider Name=""Microsoft-Windows-Sysmon"" Guid=""5770385F-C22A-43E0-BF4C-06F5698FFBD9"">
    </Provider>
    <EventID>1</EventID>
    <Version>5</Version>
    <Level>4</Level>
    <Task>1</Task>
    <Opcode>0</Opcode>
    <Keywords>0x8000000000000000</Keywords>
    <TimeCreated SystemTime=""2019-05-26T04:01:43.567204Z"">
    </TimeCreated>
    <EventRecordID>4863</EventRecordID>
    <Correlation>
    </Correlation>
    <Execution ProcessID=""984"" ThreadID=""2352"">
    </Execution>
    <Channel>Microsoft-Windows-Sysmon/Operational</Channel>
    <Computer>IEWIN7</Computer>
    <Security UserID=""S-1-5-18"">
    </Security>
  </System>
  <EventData>
    <Data Name=""RuleName""></Data>
    <Data Name=""UtcTime"">2019-05-26 04:01:43.557</Data>
    <Data Name=""ProcessGuid"">365ABB72-0FA7-5CEA-0000-001064C60A00</Data>
    <Data Name=""ProcessId"">3908</Data>
    <Data Name=""Image"">C:\Windows\System32\svchost.exe</Data>
    <Data Name=""FileVersion"">6.1.7600.16385 (win7_rtm.090713-1255)</Data>
    <Data Name=""Description"">Host Process for Windows Services</Data>
    <Data Name=""Product"">Microsoft® Windows® Operating System</Data>
    <Data Name=""Company"">Microsoft Corporation</Data>
    <Data Name=""CommandLine"">C:\Windows\system32\svchost.exe</Data>
    <Data Name=""CurrentDirectory"">C:\Windows\system32\</Data>
    <Data Name=""User"">NT AUTHORITY\SYSTEM</Data>
    <Data Name=""LogonGuid"">365ABB72-8DBD-5CEA-0000-0020E7030000</Data>
    <Data Name=""LogonId"">0x3e7</Data>
    <Data Name=""TerminalSessionId"">0</Data>
    <Data Name=""IntegrityLevel"">System</Data>
    <Data Name=""Hashes"">SHA1=4AF001B3C3816B860660CF2DE2C0FD3C1DFB4878,MD5=54A47F6B5E09A77E61649109C6A08866,SHA256=121118A0F5E0E8C933EFD28C9901E54E42792619A8A3A6D11E1F0025A7324BC2,IMPHASH=58E185299ECCA757FE68BA83A6495FDE</Data>
    <Data Name=""ParentProcessGuid"">365ABB72-0FA6-5CEA-0000-0010FEC30A00</Data>
    <Data Name=""ParentProcessId"">3884</Data>
    <Data Name=""ParentImage"">C:\Users\IEUser\Desktop\info.rar\jjs.exe</Data>
    <Data Name=""ParentCommandLine"">&quot;C:\Users\IEUser\Desktop\info.rar\jjs.exe&quot;</Data>
  </EventData>
</Event>",IEWIN7,Microsoft-Windows-Sysmon/Operational
[T1053] Scheduled Task - Process,1558843303.567204,2019-05-26T08:01:43.567204+04:00,,Threat,Low,Found User (NT AUTHORITY\SYSTEM) running image ( C:\Windows\System32\svchost.exe ) through command line ( C:\Windows\system32\svchost.exe ),1,"<?xml version=""1.0"" encoding=""utf-8""?>
<Event xmlns=""http://schemas.microsoft.com/win/2004/08/events/event"">
  <System>
    <Provider Name=""Microsoft-Windows-Sysmon"" Guid=""5770385F-C22A-43E0-BF4C-06F5698FFBD9"">
    </Provider>
    <EventID>1</EventID>
    <Version>5</Version>
    <Level>4</Level>
    <Task>1</Task>
    <Opcode>0</Opcode>
    <Keywords>0x8000000000000000</Keywords>
    <TimeCreated SystemTime=""2019-05-26T04:01:43.567204Z"">
    </TimeCreated>
    <EventRecordID>4863</EventRecordID>
    <Correlation>
    </Correlation>
    <Execution ProcessID=""984"" ThreadID=""2352"">
    </Execution>
    <Channel>Microsoft-Windows-Sysmon/Operational</Channel>
    <Computer>IEWIN7</Computer>
    <Security UserID=""S-1-5-18"">
    </Security>
  </System>
  <EventData>
    <Data Name=""RuleName""></Data>
    <Data Name=""UtcTime"">2019-05-26 04:01:43.557</Data>
    <Data Name=""ProcessGuid"">365ABB72-0FA7-5CEA-0000-001064C60A00</Data>
    <Data Name=""ProcessId"">3908</Data>
    <Data Name=""Image"">C:\Windows\System32\svchost.exe</Data>
    <Data Name=""FileVersion"">6.1.7600.16385 (win7_rtm.090713-1255)</Data>
    <Data Name=""Description"">Host Process for Windows Services</Data>
    <Data Name=""Product"">Microsoft® Windows® Operating System</Data>
    <Data Name=""Company"">Microsoft Corporation</Data>
    <Data Name=""CommandLine"">C:\Windows\system32\svchost.exe</Data>
    <Data Name=""CurrentDirectory"">C:\Windows\system32\</Data>
    <Data Name=""User"">NT AUTHORITY\SYSTEM</Data>
    <Data Name=""LogonGuid"">365ABB72-8DBD-5CEA-0000-0020E7030000</Data>
    <Data Name=""LogonId"">0x3e7</Data>
    <Data Name=""TerminalSessionId"">0</Data>
    <Data Name=""IntegrityLevel"">System</Data>
    <Data Name=""Hashes"">SHA1=4AF001B3C3816B860660CF2DE2C0FD3C1DFB4878,MD5=54A47F6B5E09A77E61649109C6A08866,SHA256=121118A0F5E0E8C933EFD28C9901E54E42792619A8A3A6D11E1F0025A7324BC2,IMPHASH=58E185299ECCA757FE68BA83A6495FDE</Data>
    <Data Name=""ParentProcessGuid"">365ABB72-0FA6-5CEA-0000-0010FEC30A00</Data>
    <Data Name=""ParentProcessId"">3884</Data>
    <Data Name=""ParentImage"">C:\Users\IEUser\Desktop\info.rar\jjs.exe</Data>
    <Data Name=""ParentCommandLine"">&quot;C:\Users\IEUser\Desktop\info.rar\jjs.exe&quot;</Data>
  </EventData>
</Event>",IEWIN7,Microsoft-Windows-Sysmon/Operational
[  T1003 ] Credential Dumping ImageLoad,1555606894.659248,2019-04-18T21:01:34.659248+04:00,,Threat,Medium,[  T1003 ] Credential Dumping ImageLoad,7,"<?xml version=""1.0"" encoding=""utf-8""?>
<Event xmlns=""http://schemas.microsoft.com/win/2004/08/events/event"">
  <System>
    <Provider Name=""Microsoft-Windows-Sysmon"" Guid=""5770385F-C22A-43E0-BF4C-06F5698FFBD9"">
    </Provider>
    <EventID>7</EventID>
    <Version>3</Version>
    <Level>4</Level>
    <Task>7</Task>
    <Opcode>0</Opcode>
    <Keywords>0x8000000000000000</Keywords>
    <TimeCreated SystemTime=""2019-04-18T17:01:34.448945Z"">
    </TimeCreated>
    <EventRecordID>26</EventRecordID>
    <Correlation>
    </Correlation>
    <Execution ProcessID=""3192"" ThreadID=""3288"">
    </Execution>
    <Channel>Microsoft-Windows-Sysmon/Operational</Channel>
    <Computer>IEWIN7</Computer>
    <Security UserID=""S-1-5-18"">
    </Security>
  </System>
  <EventData>
    <Data Name=""RuleName"">technique_id=T1003,technique_name=Credential Dumping</Data>
    <Data Name=""UtcTime"">2019-04-18 17:01:34.418</Data>
    <Data Name=""ProcessGuid"">365ABB72-AC28-5CB8-0000-0010F3F70700</Data>
    <Data Name=""ProcessId"">1200</Data>
    <Data Name=""Image"">C:\Windows\System32\WindowsPowerShell\v1.0\powershell.exe</Data>
    <Data Name=""ImageLoaded"">C:\Windows\System32\samlib.dll</Data>
    <Data Name=""FileVersion"">6.1.7601.23677 (win7sp1_ldr.170209-0600)</Data>
    <Data Name=""Description"">SAM Library DLL</Data>
    <Data Name=""Product"">Microsoft® Windows® Operating System</Data>
    <Data Name=""Company"">Microsoft Corporation</Data>
    <Data Name=""Hashes"">SHA1=922AF00065798A27238A6AE544BE314A3C3C7479,MD5=F3E69E053D4FA762A663ED7B77A5F4DD,SHA256=5D39A09D13D6085EDA7767771268E59888DE7ACE54E6DC9CA1B023E080254BCF,IMPHASH=B9E4EE1E8A5256343DE29E67C1CB41FA</Data>
    <Data Name=""Signed"">true</Data>
    <Data Name=""Signature"">Microsoft Windows</Data>
    <Data Name=""SignatureStatus"">Valid</Data>
  </EventData>
</Event>",IEWIN7,Microsoft-Windows-Sysmon/Operational
[T1003] Processes opening handles and accessing Lsass with potential dlls in memory,1555606894.659248,2019-04-18T21:01:34.659248+04:00,,Threat,High,[T1003] Processes opening handles and accessing Lsass with potential dlls in memory,7,"<?xml version=""1.0"" encoding=""utf-8""?>
<Event xmlns=""http://schemas.microsoft.com/win/2004/08/events/event"">
  <System>
    <Provider Name=""Microsoft-Windows-Sysmon"" Guid=""5770385F-C22A-43E0-BF4C-06F5698FFBD9"">
    </Provider>
    <EventID>7</EventID>
    <Version>3</Version>
    <Level>4</Level>
    <Task>7</Task>
    <Opcode>0</Opcode>
    <Keywords>0x8000000000000000</Keywords>
    <TimeCreated SystemTime=""2019-04-18T17:01:34.448945Z"">
    </TimeCreated>
    <EventRecordID>26</EventRecordID>
    <Correlation>
    </Correlation>
    <Execution ProcessID=""3192"" ThreadID=""3288"">
    </Execution>
    <Channel>Microsoft-Windows-Sysmon/Operational</Channel>
    <Computer>IEWIN7</Computer>
    <Security UserID=""S-1-5-18"">
    </Security>
  </System>
  <EventData>
    <Data Name=""RuleName"">technique_id=T1003,technique_name=Credential Dumping</Data>
    <Data Name=""UtcTime"">2019-04-18 17:01:34.418</Data>
    <Data Name=""ProcessGuid"">365ABB72-AC28-5CB8-0000-0010F3F70700</Data>
    <Data Name=""ProcessId"">1200</Data>
    <Data Name=""Image"">C:\Windows\System32\WindowsPowerShell\v1.0\powershell.exe</Data>
    <Data Name=""ImageLoaded"">C:\Windows\System32\samlib.dll</Data>
    <Data Name=""FileVersion"">6.1.7601.23677 (win7sp1_ldr.170209-0600)</Data>
    <Data Name=""Description"">SAM Library DLL</Data>
    <Data Name=""Product"">Microsoft® Windows® Operating System</Data>
    <Data Name=""Company"">Microsoft Corporation</Data>
    <Data Name=""Hashes"">SHA1=922AF00065798A27238A6AE544BE314A3C3C7479,MD5=F3E69E053D4FA762A663ED7B77A5F4DD,SHA256=5D39A09D13D6085EDA7767771268E59888DE7ACE54E6DC9CA1B023E080254BCF,IMPHASH=B9E4EE1E8A5256343DE29E67C1CB41FA</Data>
    <Data Name=""Signed"">true</Data>
    <Data Name=""Signature"">Microsoft Windows</Data>
    <Data Name=""SignatureStatus"">Valid</Data>
  </EventData>
</Event>",IEWIN7,Microsoft-Windows-Sysmon/Operational
[T1117] Bypassing Application Whitelisting,1584766825.401237,2020-03-21T09:00:25.401237+04:00,,Threat,High,"[T1117] Bypassing Application Whitelisting , Process ( C:\Windows\System32\rundll32.exe) with commandline ( rundll32 windowscoredeviceinfo.dll,CreateBackdoor)",1,"<?xml version=""1.0"" encoding=""utf-8""?>
<Event xmlns=""http://schemas.microsoft.com/win/2004/08/events/event"">
  <System>
    <Provider Name=""Microsoft-Windows-Sysmon"" Guid=""5770385F-C22A-43E0-BF4C-06F5698FFBD9"">
    </Provider>
    <EventID>1</EventID>
    <Version>5</Version>
    <Level>4</Level>
    <Task>1</Task>
    <Opcode>0</Opcode>
    <Keywords>0x8000000000000000</Keywords>
    <TimeCreated SystemTime=""2020-03-21T05:00:25.392464Z"">
    </TimeCreated>
    <EventRecordID>243550</EventRecordID>
    <Correlation>
    </Correlation>
    <Execution ProcessID=""2860"" ThreadID=""3508"">
    </Execution>
    <Channel>Microsoft-Windows-Sysmon/Operational</Channel>
    <Computer>MSEDGEWIN10</Computer>
    <Security UserID=""S-1-5-18"">
    </Security>
  </System>
  <EventData>
    <Data Name=""RuleName""></Data>
    <Data Name=""UtcTime"">2020-03-21 05:00:25.388</Data>
    <Data Name=""ProcessGuid"">747F3D96-9F69-5E75-0000-001055912000</Data>
    <Data Name=""ProcessId"">8160</Data>
    <Data Name=""Image"">C:\Windows\System32\rundll32.exe</Data>
    <Data Name=""FileVersion"">10.0.17763.1 (WinBuild.160101.0800)</Data>
    <Data Name=""Description"">Windows host process (Rundll32)</Data>
    <Data Name=""Product"">Microsoft® Windows® Operating System</Data>
    <Data Name=""Company"">Microsoft Corporation</Data>
    <Data Name=""OriginalFileName"">RUNDLL32.EXE</Data>
    <Data Name=""CommandLine"">rundll32 windowscoredeviceinfo.dll,CreateBackdoor</Data>
    <Data Name=""CurrentDirectory"">C:\Windows\system32\</Data>
    <Data Name=""User"">NT AUTHORITY\SYSTEM</Data>
    <Data Name=""LogonGuid"">747F3D96-9DBA-5E75-0000-0020E7030000</Data>
    <Data Name=""LogonId"">0x3e7</Data>
    <Data Name=""TerminalSessionId"">0</Data>
    <Data Name=""IntegrityLevel"">System</Data>
    <Data Name=""Hashes"">SHA1=F3BA3415DD068A8871F285570BEA2E29874CBFF1,MD5=C73BA51880F5A7FB20C84185A23212EF,SHA256=01B407AF0200B66A34D9B1FA6D9EAAB758EFA36A36BB99B554384F59F8690B1A,IMPHASH=F27A7FC3A53E74F45BE370131953896A</Data>
    <Data Name=""ParentProcessGuid"">747F3D96-9DBC-5E75-0000-00102C390100</Data>
    <Data Name=""ParentProcessId"">1652</Data>
    <Data Name=""ParentImage"">C:\Windows\System32\svchost.exe</Data>
    <Data Name=""ParentCommandLine"">C:\Windows\system32\svchost.exe -k netsvcs -p -s wuauserv</Data>
  </EventData>
</Event>",MSEDGEWIN10,Microsoft-Windows-Sysmon/Operational
[T1059] Command-Line Interface,1558920557.350815,2019-05-27T05:29:17.350815+04:00,,Threat,Low,Found User (IIS APPPOOL\DefaultAppPool) running image ( C:\Windows\System32\inetsrv\appcmd.exe ) through command line ( &quot;C:\Windows\System32\inetsrv\appcmd.exe&quot;  list apppool /text:processmodel.username ),1,"<?xml version=""1.0"" encoding=""utf-8""?>
<Event xmlns=""http://schemas.microsoft.com/win/2004/08/events/event"">
  <System>
    <Provider Name=""Microsoft-Windows-Sysmon"" Guid=""5770385F-C22A-43E0-BF4C-06F5698FFBD9"">
    </Provider>
    <EventID>1</EventID>
    <Version>5</Version>
    <Level>4</Level>
    <Task>1</Task>
    <Opcode>0</Opcode>
    <Keywords>0x8000000000000000</Keywords>
    <TimeCreated SystemTime=""2019-05-27T01:29:17.350815Z"">
    </TimeCreated>
    <EventRecordID>5889</EventRecordID>
    <Correlation>
    </Correlation>
    <Execution ProcessID=""324"" ThreadID=""2260"">
    </Execution>
    <Channel>Microsoft-Windows-Sysmon/Operational</Channel>
    <Computer>IEWIN7</Computer>
    <Security UserID=""S-1-5-18"">
    </Security>
  </System>
  <EventData>
    <Data Name=""RuleName""></Data>
    <Data Name=""UtcTime"">2019-05-27 01:29:17.310</Data>
    <Data Name=""ProcessGuid"">365ABB72-3D6D-5CEB-0000-00109767FF00</Data>
    <Data Name=""ProcessId"">3096</Data>
    <Data Name=""Image"">C:\Windows\System32\inetsrv\appcmd.exe</Data>
    <Data Name=""FileVersion"">7.5.7600.16385 (win7_rtm.090713-1255)</Data>
    <Data Name=""Description"">Application Server Command Line Admin Tool</Data>
    <Data Name=""Product"">Internet Information Services</Data>
    <Data Name=""Company"">Microsoft Corporation</Data>
    <Data Name=""CommandLine"">&quot;C:\Windows\System32\inetsrv\appcmd.exe&quot;  list apppool /text:processmodel.username</Data>
    <Data Name=""CurrentDirectory"">C:\Windows\Temp\</Data>
    <Data Name=""User"">IIS APPPOOL\DefaultAppPool</Data>
    <Data Name=""LogonGuid"">365ABB72-B26B-5CEA-0000-002023240800</Data>
    <Data Name=""LogonId"">0x82423</Data>
    <Data Name=""TerminalSessionId"">0</Data>
    <Data Name=""IntegrityLevel"">High</Data>
    <Data Name=""Hashes"">SHA1=C5423FEF0E8E211BB8BAB9C11E730048BBED7B29,MD5=0E5BC786206A3762CE47A0A2DBD01D7B,SHA256=113F68086A3F02276395CB70C72B00ED33A47FD00820D229093CD6ADDC2F73F4,IMPHASH=1697BBEAB0AC62DD7B8016CE25425F45</Data>
    <Data Name=""ParentProcessGuid"">365ABB72-3D4A-5CEB-0000-0010FA93FD00</Data>
    <Data Name=""ParentProcessId"">2584</Data>
    <Data Name=""ParentImage"">C:\Windows\System32\WindowsPowerShell\v1.0\powershell.exe</Data>
    <Data Name=""ParentCommandLine"">&quot;C:\Windows\System32\WindowsPowerShell\v1.0\powershell.exe&quot;  -nop -noni -enc JABQAHIAbwBnAHIAZQBzAHMAUAByAGUAZgBlAHIAZQBuAGMAZQAgAD0AIAAiAFMAaQBsAGUAbgB0AGwAeQBDAG8AbgB0AGkAbgB1AGUAIgA7ACQAcABhAHQAaABfAGkAbgBfAG0AbwBkAHUAbABlAD0AIgBDADoAXABXAGkAbgBkAG8AdwBzAFwAVABlAG0AcABcADYAagByAHgAawAzAFwAZwBmAGcAOQBpACIAOwAkAHAAYQB0AGgAXwBpAG4AXwBhAHAAcABfAGMAbwBkAGUAPQAiAEMAOgBcAFcAaQBuAGQAbwB3AHMAXABUAGUAbQBwAFwANgBqAHIAeABrADMAXABuAGoAYQA5AHQANgA0AHIAcgBsAHUAOAAiADsAJABrAGUAeQA9AFsAUwB5AHMAdABlAG0ALgBUAGUAeAB0AC4ARQBuAGMAbwBkAGkAbgBnAF0AOgA6AFUAVABGADgALgBHAGUAdABCAHkAdABlAHMAKAAnADgAZAA5ADYAOQBlAGUAZgA2AGUAYwBhAGQAMwBjADIAOQBhADMAYQA2ADIAOQAyADgAMABlADYAOAA2AGMAZgAwAGMAMwBmADUAZAA1AGEAOAA2AGEAZgBmADMAYwBhADEAMgAwADIAMABjADkAMgAzAGEAZABjADYAYwA5ADIAJwApADsAJABlAG4AYwBfAG0AbwBkAHUAbABlAD0AWwBTAHkAcwB0AGUAbQAuAEkATwAuAEYAaQBsAGUAXQA6ADoAUgBlAGEAZABBAGwAbABCAHkAdABlAHMAKAAkAHAAYQB0AGgAXwBpAG4AXwBtAG8AZAB1AGwAZQApADsAJABlAG4AYwBfAGEAcABwAF8AYwBvAGQAZQA9AFsAUwB5AHMAdABlAG0ALgBJAE8ALgBGAGkAbABlAF0AOgA6AFIAZQBhAGQAQQBsAGwAQgB5AHQAZQBzACgAJABwAGEAdABoAF8AaQBuAF8AYQBwAHAAXwBjAG8AZABlACkAOwAkAGQAZQBjAF8AbQBvAGQAdQBsAGUAPQBOAGUAdwAtAE8AYgBqAGUAYwB0ACAAQgB5AHQAZQBbAF0AIAAkAGUAbgBjAF8AbQBvAGQAdQBsAGUALgBMAGUAbgBnAHQAaAA7ACQAZABlAGMAXwBhAHAAcABfAGMAbwBkAGUAPQBOAGUAdwAtAE8AYgBqAGUAYwB0ACAAQgB5AHQAZQBbAF0AIAAkAGUAbgBjAF8AYQBwAHAAXwBjAG8AZABlAC4ATABlAG4AZwB0AGgAOwBmAG8AcgAgACgAJABpACAAPQAgADAAOwAgACQAaQAgAC0AbAB0ACAAJABlAG4AYwBfAG0AbwBkAHUAbABlAC4ATABlAG4AZwB0AGgAOwAgACQAaQArACsAKQAgAHsAJABkAGUAYwBfAG0AbwBkAHUAbABlAFsAJABpAF0AIAA9ACAAJABlAG4AYwBfAG0AbwBkAHUAbABlAFsAJABpAF0AIAAtAGIAeABvAHIAIAAkAGsAZQB5AFsAJABpACAAJQAgACQAawBlAHkALgBMAGUAbgBnAHQAaABdADsAfQA7AGYAbwByACAAKAAkAGkAIAA9ACAAMAA7ACAAJABpACAALQBsAHQAIAAkAGUAbgBjAF8AYQBwAHAAXwBjAG8AZABlAC4ATABlAG4AZwB0AGgAOwAgACQAaQArACsAKQAgAHsAJABkAGUAYwBfAGEAcABwAF8AYwBvAGQAZQBbACQAaQBdACAAPQAgACQAZQBuAGMAXwBhAHAAcABfAGMAbwBkAGUAWwAkAGkAXQAgAC0AYgB4AG8AcgAgACQAawBlAHkAWwAkAGkAIAAlACAAJABrAGUAeQAuAEwAZQBuAGcAdABoAF0AOwB9ADsAJABkAGUAYwBfAG0AbwBkAHUAbABlAD0AWwBTAHkAcwB0AGUAbQAuAFQAZQB4AHQALgBFAG4AYwBvAGQAaQBuAGcAXQA6ADoAVQBUAEYAOAAuAEcAZQB0AFMAdAByAGkAbgBnACgAJABkAGUAYwBfAG0AbwBkAHUAbABlACkAOwAkAGQAZQBjAF8AYQBwAHAAXwBjAG8AZABlAD0AWwBTAHkAcwB0AGUAbQAuAFQAZQB4AHQALgBFAG4AYwBvAGQAaQBuAGcAXQA6ADoAVQBUAEYAOAAuAEcAZQB0AFMAdAByAGkAbgBnACgAJABkAGUAYwBfAGEAcABwAF8AYwBvAGQAZQApADsAJAAoACQAZABlAGMAXwBtAG8AZAB1AGwAZQArACQAZABlAGMAXwBhAHAAcABfAGMAbwBkAGUAKQB8AGkAZQB4ADsAUgBlAG0AbwB2AGUALQBJAHQAZQBtACAALQBQAGEAdABoACAAJABwAGEAdABoAF8AaQBuAF8AYQBwAHAAXwBjAG8AZABlACAALQBGAG8AcgBjAGUAIAAyAD4AJgAxACAAfAAgAE8AdQB0AC0ATgB1AGwAbAA7AA==</Data>
  </EventData>
</Event>",IEWIN7,Microsoft-Windows-Sysmon/Operational
"[T1117] Bypassing Application Whitelisting with Regsvr32,rundll32,certutil or scrobj ",1584766825.401237,2020-03-21T09:00:25.401237+04:00,,Threat,High,"Found User (NT AUTHORITY\SYSTEM) running image ( C:\Windows\System32\rundll32.exe ) through command line ( rundll32 windowscoredeviceinfo.dll,CreateBackdoor )",1,"<?xml version=""1.0"" encoding=""utf-8""?>
<Event xmlns=""http://schemas.microsoft.com/win/2004/08/events/event"">
  <System>
    <Provider Name=""Microsoft-Windows-Sysmon"" Guid=""5770385F-C22A-43E0-BF4C-06F5698FFBD9"">
    </Provider>
    <EventID>1</EventID>
    <Version>5</Version>
    <Level>4</Level>
    <Task>1</Task>
    <Opcode>0</Opcode>
    <Keywords>0x8000000000000000</Keywords>
    <TimeCreated SystemTime=""2020-03-21T05:00:25.392464Z"">
    </TimeCreated>
    <EventRecordID>243550</EventRecordID>
    <Correlation>
    </Correlation>
    <Execution ProcessID=""2860"" ThreadID=""3508"">
    </Execution>
    <Channel>Microsoft-Windows-Sysmon/Operational</Channel>
    <Computer>MSEDGEWIN10</Computer>
    <Security UserID=""S-1-5-18"">
    </Security>
  </System>
  <EventData>
    <Data Name=""RuleName""></Data>
    <Data Name=""UtcTime"">2020-03-21 05:00:25.388</Data>
    <Data Name=""ProcessGuid"">747F3D96-9F69-5E75-0000-001055912000</Data>
    <Data Name=""ProcessId"">8160</Data>
    <Data Name=""Image"">C:\Windows\System32\rundll32.exe</Data>
    <Data Name=""FileVersion"">10.0.17763.1 (WinBuild.160101.0800)</Data>
    <Data Name=""Description"">Windows host process (Rundll32)</Data>
    <Data Name=""Product"">Microsoft® Windows® Operating System</Data>
    <Data Name=""Company"">Microsoft Corporation</Data>
    <Data Name=""OriginalFileName"">RUNDLL32.EXE</Data>
    <Data Name=""CommandLine"">rundll32 windowscoredeviceinfo.dll,CreateBackdoor</Data>
    <Data Name=""CurrentDirectory"">C:\Windows\system32\</Data>
    <Data Name=""User"">NT AUTHORITY\SYSTEM</Data>
    <Data Name=""LogonGuid"">747F3D96-9DBA-5E75-0000-0020E7030000</Data>
    <Data Name=""LogonId"">0x3e7</Data>
    <Data Name=""TerminalSessionId"">0</Data>
    <Data Name=""IntegrityLevel"">System</Data>
    <Data Name=""Hashes"">SHA1=F3BA3415DD068A8871F285570BEA2E29874CBFF1,MD5=C73BA51880F5A7FB20C84185A23212EF,SHA256=01B407AF0200B66A34D9B1FA6D9EAAB758EFA36A36BB99B554384F59F8690B1A,IMPHASH=F27A7FC3A53E74F45BE370131953896A</Data>
    <Data Name=""ParentProcessGuid"">747F3D96-9DBC-5E75-0000-00102C390100</Data>
    <Data Name=""ParentProcessId"">1652</Data>
    <Data Name=""ParentImage"">C:\Windows\System32\svchost.exe</Data>
    <Data Name=""ParentCommandLine"">C:\Windows\system32\svchost.exe -k netsvcs -p -s wuauserv</Data>
  </EventData>
</Event>",MSEDGEWIN10,Microsoft-Windows-Sysmon/Operational
[T1059] Command-Line Interface,1584827104.923222,2020-03-22T01:45:04.923222+04:00,,Threat,Low,Found User (MSEDGEWIN10\IEUser) running image ( C:\Windows\System32\cmd.exe ) through command line ( &quot;C:\windows\system32\cmd.exe&quot; ),1,"<?xml version=""1.0"" encoding=""utf-8""?>
<Event xmlns=""http://schemas.microsoft.com/win/2004/08/events/event"">
  <System>
    <Provider Name=""Microsoft-Windows-Sysmon"" Guid=""5770385F-C22A-43E0-BF4C-06F5698FFBD9"">
    </Provider>
    <EventID>1</EventID>
    <Version>5</Version>
    <Level>4</Level>
    <Task>1</Task>
    <Opcode>0</Opcode>
    <Keywords>0x8000000000000000</Keywords>
    <TimeCreated SystemTime=""2020-03-21T21:45:04.922610Z"">
    </TimeCreated>
    <EventRecordID>244866</EventRecordID>
    <Correlation>
    </Correlation>
    <Execution ProcessID=""2844"" ThreadID=""3648"">
    </Execution>
    <Channel>Microsoft-Windows-Sysmon/Operational</Channel>
    <Computer>MSEDGEWIN10</Computer>
    <Security UserID=""S-1-5-18"">
    </Security>
  </System>
  <EventData>
    <Data Name=""RuleName""></Data>
    <Data Name=""UtcTime"">2020-03-21 21:45:04.909</Data>
    <Data Name=""ProcessGuid"">747F3D96-8AE0-5E76-0000-0010933B8003</Data>
    <Data Name=""ProcessId"">7708</Data>
    <Data Name=""Image"">C:\Windows\System32\cmd.exe</Data>
    <Data Name=""FileVersion"">10.0.17763.592 (WinBuild.160101.0800)</Data>
    <Data Name=""Description"">Windows Command Processor</Data>
    <Data Name=""Product"">Microsoft® Windows® Operating System</Data>
    <Data Name=""Company"">Microsoft Corporation</Data>
    <Data Name=""OriginalFileName"">Cmd.Exe</Data>
    <Data Name=""CommandLine"">&quot;C:\windows\system32\cmd.exe&quot;</Data>
    <Data Name=""CurrentDirectory"">c:\Users\Public\</Data>
    <Data Name=""User"">MSEDGEWIN10\IEUser</Data>
    <Data Name=""LogonGuid"">747F3D96-06A4-5E76-0000-002087DE0200</Data>
    <Data Name=""LogonId"">0x2de87</Data>
    <Data Name=""TerminalSessionId"">1</Data>
    <Data Name=""IntegrityLevel"">Medium</Data>
    <Data Name=""Hashes"">SHA1=8C5437CD76A89EC983E3B364E219944DA3DAB464,MD5=975B45B669930B0CC773EAF2B414206F,SHA256=3656F37A1C6951EC4496FABB8EE957D3A6E3C276D5A3785476B482C9C0D32EA2,IMPHASH=272245E2988E1E430500B852C4FB5E18</Data>
    <Data Name=""ParentProcessGuid"">747F3D96-06AA-5E76-0000-001046E10400</Data>
    <Data Name=""ParentProcessId"">4668</Data>
    <Data Name=""ParentImage"">C:\Windows\explorer.exe</Data>
    <Data Name=""ParentCommandLine"">C:\Windows\Explorer.EXE</Data>
  </EventData>
</Event>",MSEDGEWIN10,Microsoft-Windows-Sysmon/Operational
Prohibited Process connecting to internet,1557770610.556085,2019-05-13T22:03:30.556085+04:00,,Threat,Critical,"User (IEWIN7\IEUser) run process C:\Windows\System32\regsvr32.exe and initiated network connection from hostname ( IEWIN7 and IP ( 10.0.2.15 ) to hostname (  ) , IP ( 151.101.128.133 ) and port ( 443 )",3,"<?xml version=""1.0"" encoding=""utf-8""?>
<Event xmlns=""http://schemas.microsoft.com/win/2004/08/events/event"">
  <System>
    <Provider Name=""Microsoft-Windows-Sysmon"" Guid=""5770385F-C22A-43E0-BF4C-06F5698FFBD9"">
    </Provider>
    <EventID>3</EventID>
    <Version>5</Version>
    <Level>4</Level>
    <Task>3</Task>
    <Opcode>0</Opcode>
    <Keywords>0x8000000000000000</Keywords>
    <TimeCreated SystemTime=""2019-05-13T18:03:21.212898Z"">
    </TimeCreated>
    <EventRecordID>17289</EventRecordID>
    <Correlation>
    </Correlation>
    <Execution ProcessID=""276"" ThreadID=""2056"">
    </Execution>
    <Channel>Microsoft-Windows-Sysmon/Operational</Channel>
    <Computer>IEWIN7</Computer>
    <Security UserID=""S-1-5-18"">
    </Security>
  </System>
  <EventData>
    <Data Name=""RuleName""></Data>
    <Data Name=""UtcTime"">2019-05-13 18:03:20.485</Data>
    <Data Name=""ProcessGuid"">365ABB72-B167-5CD9-0000-001062160C00</Data>
    <Data Name=""ProcessId"">2476</Data>
    <Data Name=""Image"">C:\Windows\System32\regsvr32.exe</Data>
    <Data Name=""User"">IEWIN7\IEUser</Data>
    <Data Name=""Protocol"">tcp</Data>
    <Data Name=""Initiated"">true</Data>
    <Data Name=""SourceIsIpv6"">false</Data>
    <Data Name=""SourceIp"">10.0.2.15</Data>
    <Data Name=""SourceHostname"">IEWIN7</Data>
    <Data Name=""SourcePort"">49159</Data>
    <Data Name=""SourcePortName""></Data>
    <Data Name=""DestinationIsIpv6"">false</Data>
    <Data Name=""DestinationIp"">151.101.128.133</Data>
    <Data Name=""DestinationHostname""></Data>
    <Data Name=""DestinationPort"">443</Data>
    <Data Name=""DestinationPortName"">https</Data>
  </EventData>
</Event>",IEWIN7,Microsoft-Windows-Sysmon/Operational
[T1085] Rundll32 Execution detected,1584766825.401237,2020-03-21T09:00:25.401237+04:00,,Threat,High,"Found User (NT AUTHORITY\SYSTEM) running image ( C:\Windows\System32\rundll32.exe ) through command line ( rundll32 windowscoredeviceinfo.dll,CreateBackdoor )",1,"<?xml version=""1.0"" encoding=""utf-8""?>
<Event xmlns=""http://schemas.microsoft.com/win/2004/08/events/event"">
  <System>
    <Provider Name=""Microsoft-Windows-Sysmon"" Guid=""5770385F-C22A-43E0-BF4C-06F5698FFBD9"">
    </Provider>
    <EventID>1</EventID>
    <Version>5</Version>
    <Level>4</Level>
    <Task>1</Task>
    <Opcode>0</Opcode>
    <Keywords>0x8000000000000000</Keywords>
    <TimeCreated SystemTime=""2020-03-21T05:00:25.392464Z"">
    </TimeCreated>
    <EventRecordID>243550</EventRecordID>
    <Correlation>
    </Correlation>
    <Execution ProcessID=""2860"" ThreadID=""3508"">
    </Execution>
    <Channel>Microsoft-Windows-Sysmon/Operational</Channel>
    <Computer>MSEDGEWIN10</Computer>
    <Security UserID=""S-1-5-18"">
    </Security>
  </System>
  <EventData>
    <Data Name=""RuleName""></Data>
    <Data Name=""UtcTime"">2020-03-21 05:00:25.388</Data>
    <Data Name=""ProcessGuid"">747F3D96-9F69-5E75-0000-001055912000</Data>
    <Data Name=""ProcessId"">8160</Data>
    <Data Name=""Image"">C:\Windows\System32\rundll32.exe</Data>
    <Data Name=""FileVersion"">10.0.17763.1 (WinBuild.160101.0800)</Data>
    <Data Name=""Description"">Windows host process (Rundll32)</Data>
    <Data Name=""Product"">Microsoft® Windows® Operating System</Data>
    <Data Name=""Company"">Microsoft Corporation</Data>
    <Data Name=""OriginalFileName"">RUNDLL32.EXE</Data>
    <Data Name=""CommandLine"">rundll32 windowscoredeviceinfo.dll,CreateBackdoor</Data>
    <Data Name=""CurrentDirectory"">C:\Windows\system32\</Data>
    <Data Name=""User"">NT AUTHORITY\SYSTEM</Data>
    <Data Name=""LogonGuid"">747F3D96-9DBA-5E75-0000-0020E7030000</Data>
    <Data Name=""LogonId"">0x3e7</Data>
    <Data Name=""TerminalSessionId"">0</Data>
    <Data Name=""IntegrityLevel"">System</Data>
    <Data Name=""Hashes"">SHA1=F3BA3415DD068A8871F285570BEA2E29874CBFF1,MD5=C73BA51880F5A7FB20C84185A23212EF,SHA256=01B407AF0200B66A34D9B1FA6D9EAAB758EFA36A36BB99B554384F59F8690B1A,IMPHASH=F27A7FC3A53E74F45BE370131953896A</Data>
    <Data Name=""ParentProcessGuid"">747F3D96-9DBC-5E75-0000-00102C390100</Data>
    <Data Name=""ParentProcessId"">1652</Data>
    <Data Name=""ParentImage"">C:\Windows\System32\svchost.exe</Data>
    <Data Name=""ParentCommandLine"">C:\Windows\system32\svchost.exe -k netsvcs -p -s wuauserv</Data>
  </EventData>
</Event>",MSEDGEWIN10,Microsoft-Windows-Sysmon/Operational
[  T1003 ] Credential Dumping ImageLoad,1555606894.448945,2019-04-18T21:01:34.448945+04:00,,Threat,Medium,[  T1003 ] Credential Dumping ImageLoad,7,"<?xml version=""1.0"" encoding=""utf-8""?>
<Event xmlns=""http://schemas.microsoft.com/win/2004/08/events/event"">
  <System>
    <Provider Name=""Microsoft-Windows-Sysmon"" Guid=""5770385F-C22A-43E0-BF4C-06F5698FFBD9"">
    </Provider>
    <EventID>7</EventID>
    <Version>3</Version>
    <Level>4</Level>
    <Task>7</Task>
    <Opcode>0</Opcode>
    <Keywords>0x8000000000000000</Keywords>
    <TimeCreated SystemTime=""2019-04-18T17:01:34.168542Z"">
    </TimeCreated>
    <EventRecordID>25</EventRecordID>
    <Correlation>
    </Correlation>
    <Execution ProcessID=""3192"" ThreadID=""3288"">
    </Execution>
    <Channel>Microsoft-Windows-Sysmon/Operational</Channel>
    <Computer>IEWIN7</Computer>
    <Security UserID=""S-1-5-18"">
    </Security>
  </System>
  <EventData>
    <Data Name=""RuleName"">technique_id=T1003,technique_name=Credential Dumping</Data>
    <Data Name=""UtcTime"">2019-04-18 17:01:34.138</Data>
    <Data Name=""ProcessGuid"">365ABB72-AC28-5CB8-0000-0010F3F70700</Data>
    <Data Name=""ProcessId"">1200</Data>
    <Data Name=""Image"">C:\Windows\System32\WindowsPowerShell\v1.0\powershell.exe</Data>
    <Data Name=""ImageLoaded"">C:\Windows\System32\cryptdll.dll</Data>
    <Data Name=""FileVersion"">6.1.7600.16385 (win7_rtm.090713-1255)</Data>
    <Data Name=""Description"">Cryptography Manager</Data>
    <Data Name=""Product"">Microsoft® Windows® Operating System</Data>
    <Data Name=""Company"">Microsoft Corporation</Data>
    <Data Name=""Hashes"">SHA1=C92A5E9D00AAC177C859B40247787E21D2483610,MD5=1128637CAD49A8E3C8B5FA5D0A061525,SHA256=6B80E50D8296F9E2C978CC6BC002B964ACFD8F4BCF623F4770513792845B5278,IMPHASH=CBB91DBEF75B54D8F20A2EC3E1BC8AC2</Data>
    <Data Name=""Signed"">true</Data>
    <Data Name=""Signature"">Microsoft Windows</Data>
    <Data Name=""SignatureStatus"">Valid</Data>
  </EventData>
</Event>",IEWIN7,Microsoft-Windows-Sysmon/Operational
[T1003] Processes opening handles and accessing Lsass with potential dlls in memory,1555606894.448945,2019-04-18T21:01:34.448945+04:00,,Threat,High,[T1003] Processes opening handles and accessing Lsass with potential dlls in memory,7,"<?xml version=""1.0"" encoding=""utf-8""?>
<Event xmlns=""http://schemas.microsoft.com/win/2004/08/events/event"">
  <System>
    <Provider Name=""Microsoft-Windows-Sysmon"" Guid=""5770385F-C22A-43E0-BF4C-06F5698FFBD9"">
    </Provider>
    <EventID>7</EventID>
    <Version>3</Version>
    <Level>4</Level>
    <Task>7</Task>
    <Opcode>0</Opcode>
    <Keywords>0x8000000000000000</Keywords>
    <TimeCreated SystemTime=""2019-04-18T17:01:34.168542Z"">
    </TimeCreated>
    <EventRecordID>25</EventRecordID>
    <Correlation>
    </Correlation>
    <Execution ProcessID=""3192"" ThreadID=""3288"">
    </Execution>
    <Channel>Microsoft-Windows-Sysmon/Operational</Channel>
    <Computer>IEWIN7</Computer>
    <Security UserID=""S-1-5-18"">
    </Security>
  </System>
  <EventData>
    <Data Name=""RuleName"">technique_id=T1003,technique_name=Credential Dumping</Data>
    <Data Name=""UtcTime"">2019-04-18 17:01:34.138</Data>
    <Data Name=""ProcessGuid"">365ABB72-AC28-5CB8-0000-0010F3F70700</Data>
    <Data Name=""ProcessId"">1200</Data>
    <Data Name=""Image"">C:\Windows\System32\WindowsPowerShell\v1.0\powershell.exe</Data>
    <Data Name=""ImageLoaded"">C:\Windows\System32\cryptdll.dll</Data>
    <Data Name=""FileVersion"">6.1.7600.16385 (win7_rtm.090713-1255)</Data>
    <Data Name=""Description"">Cryptography Manager</Data>
    <Data Name=""Product"">Microsoft® Windows® Operating System</Data>
    <Data Name=""Company"">Microsoft Corporation</Data>
    <Data Name=""Hashes"">SHA1=C92A5E9D00AAC177C859B40247787E21D2483610,MD5=1128637CAD49A8E3C8B5FA5D0A061525,SHA256=6B80E50D8296F9E2C978CC6BC002B964ACFD8F4BCF623F4770513792845B5278,IMPHASH=CBB91DBEF75B54D8F20A2EC3E1BC8AC2</Data>
    <Data Name=""Signed"">true</Data>
    <Data Name=""Signature"">Microsoft Windows</Data>
    <Data Name=""SignatureStatus"">Valid</Data>
  </EventData>
</Event>",IEWIN7,Microsoft-Windows-Sysmon/Operational
[T1059] Command-Line Interface,1558920557.2707,2019-05-27T05:29:17.270700+04:00,,Threat,Low,Found User (IIS APPPOOL\DefaultAppPool) running image ( C:\Windows\System32\inetsrv\appcmd.exe ) through command line ( &quot;C:\Windows\System32\inetsrv\appcmd.exe&quot;  list apppool &quot;ERROR ( message:Configuration error &quot; /text:processmodel.password ),1,"<?xml version=""1.0"" encoding=""utf-8""?>
