<Event xmlns=""http://schemas.microsoft.com/win/2004/08/events/event"">
  <System>
    <Provider Name=""Microsoft-Windows-Sysmon"" Guid=""5770385F-C22A-43E0-BF4C-06F5698FFBD9"">
    </Provider>
    <EventID>1</EventID>
    <Version>5</Version>
    <Level>4</Level>
    <Task>1</Task>
    <Opcode>0</Opcode>
    <Keywords>0x8000000000000000</Keywords>
    <TimeCreated SystemTime=""2020-01-14T20:46:43.819347Z"">
    </TimeCreated>
    <EventRecordID>341</EventRecordID>
    <Correlation>
    </Correlation>
    <Execution ProcessID=""1840"" ThreadID=""8032"">
    </Execution>
    <Channel>Microsoft-Windows-Sysmon/Operational</Channel>
    <Computer>MSEDGEWIN10</Computer>
    <Security UserID=""S-1-5-18"">
    </Security>
  </System>
  <EventData>
    <Data Name=""RuleName""></Data>
    <Data Name=""UtcTime"">2020-01-14 20:46:43.675</Data>
    <Data Name=""ProcessGuid"">747F3D96-28B3-5E1E-0000-001032047C00</Data>
    <Data Name=""ProcessId"">1656</Data>
    <Data Name=""Image"">C:\Windows\System32\cmd.exe</Data>
    <Data Name=""FileVersion"">10.0.17763.1 (WinBuild.160101.0800)</Data>
    <Data Name=""Description"">Windows Command Processor</Data>
    <Data Name=""Product"">Microsoft® Windows® Operating System</Data>
    <Data Name=""Company"">Microsoft Corporation</Data>
    <Data Name=""OriginalFileName"">Cmd.Exe</Data>
    <Data Name=""CommandLine"">&quot;cmd.exe&quot; /c notepad.exe</Data>
    <Data Name=""CurrentDirectory"">C:\Windows\system32\</Data>
    <Data Name=""User"">MSEDGEWIN10\IEUser</Data>
    <Data Name=""LogonGuid"">747F3D96-28B3-5E1E-0000-002057EB7B00</Data>
    <Data Name=""LogonId"">0x7beb57</Data>
    <Data Name=""TerminalSessionId"">0</Data>
    <Data Name=""IntegrityLevel"">High</Data>
    <Data Name=""Hashes"">SHA1=08CC2E8DCA652BDDA1ACCA9C446560D4BC1BCDF9,MD5=0D088F5BCFA8F086FBA163647CD80CAB,SHA256=9023F8AAEDA4A1DA45AC477A81B5BBE4128E413F19A0ABFA3715465AD66ED5CD,IMPHASH=272245E2988E1E430500B852C4FB5E18</Data>
    <Data Name=""ParentProcessGuid"">747F3D96-28B3-5E1E-0000-00101DF17B00</Data>
    <Data Name=""ParentProcessId"">3412</Data>
    <Data Name=""ParentImage"">C:\Windows\System32\rundll32.exe</Data>
    <Data Name=""ParentCommandLine"">rundll32 url.dll,OpenURL ms-browser://</Data>
  </EventData>
</Event>",MSEDGEWIN10,Microsoft-Windows-Sysmon/Operational
[ T1086 ]  Powershell with Suspicious Argument,1556571561.539311,2019-04-30T00:59:21.539311+04:00,,Threat,Critical,"Found User (IEWIN7\IEUser) run Suspicious PowerShell commands that include (powershell,\Windows\System32,powershell) in event with Command Line (&quot;C:\Windows\System32\WindowsPowerShell\v1.0\powershell.exe&quot; -s -NoLogo -NoProfile) and Parent Image :C:\Windows\System32\WindowsPowerShell\v1.0\powershell.exe , Parent CommandLine (powershell) in directory : ( C:\Users\IEUser\Desktop\invoke-pipeshell-master\ )",1,"<?xml version=""1.0"" encoding=""utf-8""?>
<Event xmlns=""http://schemas.microsoft.com/win/2004/08/events/event"">
  <System>
    <Provider Name=""Microsoft-Windows-Sysmon"" Guid=""5770385F-C22A-43E0-BF4C-06F5698FFBD9"">
    </Provider>
    <EventID>1</EventID>
    <Version>5</Version>
    <Level>4</Level>
    <Task>1</Task>
    <Opcode>0</Opcode>
    <Keywords>0x8000000000000000</Keywords>
    <TimeCreated SystemTime=""2019-04-29T20:59:21.539311Z"">
    </TimeCreated>
    <EventRecordID>8048</EventRecordID>
    <Correlation>
    </Correlation>
    <Execution ProcessID=""1896"" ThreadID=""1820"">
    </Execution>
    <Channel>Microsoft-Windows-Sysmon/Operational</Channel>
    <Computer>IEWIN7</Computer>
    <Security UserID=""S-1-5-18"">
    </Security>
  </System>
  <EventData>
    <Data Name=""RuleName""></Data>
    <Data Name=""UtcTime"">2019-04-29 20:59:21.539</Data>
    <Data Name=""ProcessGuid"">365ABB72-65A9-5CC7-0000-00104E5C2400</Data>
    <Data Name=""ProcessId"">3376</Data>
    <Data Name=""Image"">C:\Windows\System32\WindowsPowerShell\v1.0\powershell.exe</Data>
    <Data Name=""FileVersion"">6.1.7600.16385 (win7_rtm.090713-1255)</Data>
    <Data Name=""Description"">Windows PowerShell</Data>
    <Data Name=""Product"">Microsoft® Windows® Operating System</Data>
    <Data Name=""Company"">Microsoft Corporation</Data>
    <Data Name=""CommandLine"">&quot;C:\Windows\System32\WindowsPowerShell\v1.0\powershell.exe&quot; -s -NoLogo -NoProfile</Data>
    <Data Name=""CurrentDirectory"">C:\Users\IEUser\Desktop\invoke-pipeshell-master\</Data>
    <Data Name=""User"">IEWIN7\IEUser</Data>
    <Data Name=""LogonGuid"">365ABB72-5B3A-5CC7-0000-002096080100</Data>
    <Data Name=""LogonId"">0x10896</Data>
    <Data Name=""TerminalSessionId"">1</Data>
    <Data Name=""IntegrityLevel"">High</Data>
    <Data Name=""Hashes"">SHA1=04C5D2B4DA9A0F3FA8A45702D4256CEE42D8C48D,MD5=92F44E405DB16AC55D97E3BFE3B132FA,SHA256=6C05E11399B7E3C8ED31BAE72014CF249C144A8F4A2C54A758EB2E6FAD47AEC7,IMPHASH=96BA691B035D05F44E35AB23F6BA946C</Data>
    <Data Name=""ParentProcessGuid"">365ABB72-6231-5CC7-0000-00104CF71800</Data>
    <Data Name=""ParentProcessId"">3940</Data>
    <Data Name=""ParentImage"">C:\Windows\System32\WindowsPowerShell\v1.0\powershell.exe</Data>
    <Data Name=""ParentCommandLine"">powershell</Data>
  </EventData>
</Event>",IEWIN7,Microsoft-Windows-Sysmon/Operational
[T1053] Scheduled Task - Process,1618950794.860901,2021-04-21T00:33:14.860901+04:00,,Threat,Low,Found User (NT AUTHORITY\LOCAL SERVICE) running image ( C:\Windows\System32\svchost.exe ) through command line ( C:\Windows\system32\svchost.exe -k LocalService -p -s fdPHost ),1,"<?xml version=""1.0"" encoding=""utf-8""?>
<Event xmlns=""http://schemas.microsoft.com/win/2004/08/events/event"">
  <System>
    <Provider Name=""Microsoft-Windows-Sysmon"" Guid=""5770385F-C22A-43E0-BF4C-06F5698FFBD9"">
    </Provider>
    <EventID>1</EventID>
    <Version>5</Version>
    <Level>4</Level>
    <Task>1</Task>
    <Opcode>0</Opcode>
    <Keywords>0x8000000000000000</Keywords>
    <TimeCreated SystemTime=""2021-04-20T20:33:14.273416Z"">
    </TimeCreated>
    <EventRecordID>578505</EventRecordID>
    <Correlation>
    </Correlation>
    <Execution ProcessID=""3392"" ThreadID=""4112"">
    </Execution>
    <Channel>Microsoft-Windows-Sysmon/Operational</Channel>
    <Computer>MSEDGEWIN10</Computer>
    <Security UserID=""S-1-5-18"">
    </Security>
  </System>
  <EventData>
    <Data Name=""RuleName""></Data>
    <Data Name=""UtcTime"">2021-04-20 20:33:14.246</Data>
    <Data Name=""ProcessGuid"">747F3D96-3A8A-607F-0000-0010E4717700</Data>
    <Data Name=""ProcessId"">5280</Data>
    <Data Name=""Image"">C:\Windows\System32\svchost.exe</Data>
    <Data Name=""FileVersion"">10.0.17763.1 (WinBuild.160101.0800)</Data>
    <Data Name=""Description"">Host Process for Windows Services</Data>
    <Data Name=""Product"">Microsoft® Windows® Operating System</Data>
    <Data Name=""Company"">Microsoft Corporation</Data>
    <Data Name=""OriginalFileName"">svchost.exe</Data>
    <Data Name=""CommandLine"">C:\Windows\system32\svchost.exe -k LocalService -p -s fdPHost</Data>
    <Data Name=""CurrentDirectory"">C:\Windows\system32\</Data>
    <Data Name=""User"">NT AUTHORITY\LOCAL SERVICE</Data>
    <Data Name=""LogonGuid"">747F3D96-82AF-607F-0000-0020E5030000</Data>
    <Data Name=""LogonId"">0x3e5</Data>
    <Data Name=""TerminalSessionId"">0</Data>
    <Data Name=""IntegrityLevel"">System</Data>
    <Data Name=""Hashes"">SHA1=A1385CE20AD79F55DF235EFFD9780C31442AA234,MD5=8A0A29438052FAED8A2532DA50455756,SHA256=7FD065BAC18C5278777AE44908101CDFED72D26FA741367F0AD4D02020787AB6,IMPHASH=247B9220E5D9B720A82B2C8B5069AD69</Data>
    <Data Name=""ParentProcessGuid"">00000000-0000-0000-0000-000000000000</Data>
    <Data Name=""ParentProcessId"">612</Data>
    <Data Name=""ParentImage"">?</Data>
    <Data Name=""ParentCommandLine"">?</Data>
  </EventData>
</Event>",MSEDGEWIN10,Microsoft-Windows-Sysmon/Operational
[T1059] Command-Line Interface,1597237538.260138,2020-08-12T17:05:38.260138+04:00,,Threat,Low,Found User (NT AUTHORITY\SYSTEM) running image ( C:\Windows\System32\cmd.exe ) through command line ( cmd.exe ),1,"<?xml version=""1.0"" encoding=""utf-8""?>
<Event xmlns=""http://schemas.microsoft.com/win/2004/08/events/event"">
  <System>
    <Provider Name=""Microsoft-Windows-Sysmon"" Guid=""5770385F-C22A-43E0-BF4C-06F5698FFBD9"">
    </Provider>
    <EventID>1</EventID>
    <Version>5</Version>
    <Level>4</Level>
    <Task>1</Task>
    <Opcode>0</Opcode>
    <Keywords>0x8000000000000000</Keywords>
    <TimeCreated SystemTime=""2020-08-12T13:05:20.378005Z"">
    </TimeCreated>
    <EventRecordID>342407</EventRecordID>
    <Correlation>
    </Correlation>
    <Execution ProcessID=""3344"" ThreadID=""4176"">
    </Execution>
    <Channel>Microsoft-Windows-Sysmon/Operational</Channel>
    <Computer>MSEDGEWIN10</Computer>
    <Security UserID=""S-1-5-18"">
    </Security>
  </System>
  <EventData>
    <Data Name=""RuleName""></Data>
    <Data Name=""UtcTime"">2020-08-12 13:05:16.721</Data>
    <Data Name=""ProcessGuid"">747F3D96-E90C-5F33-0000-0010CB420200</Data>
    <Data Name=""ProcessId"">3320</Data>
    <Data Name=""Image"">C:\Windows\System32\cmd.exe</Data>
    <Data Name=""FileVersion"">10.0.17763.592 (WinBuild.160101.0800)</Data>
    <Data Name=""Description"">Windows Command Processor</Data>
    <Data Name=""Product"">Microsoft® Windows® Operating System</Data>
    <Data Name=""Company"">Microsoft Corporation</Data>
    <Data Name=""OriginalFileName"">Cmd.Exe</Data>
    <Data Name=""CommandLine"">cmd.exe</Data>
    <Data Name=""CurrentDirectory"">C:\Windows\system32\</Data>
    <Data Name=""User"">NT AUTHORITY\SYSTEM</Data>
    <Data Name=""LogonGuid"">747F3D96-E909-5F33-0000-0020E7030000</Data>
    <Data Name=""LogonId"">0x3e7</Data>
    <Data Name=""TerminalSessionId"">0</Data>
    <Data Name=""IntegrityLevel"">System</Data>
    <Data Name=""Hashes"">SHA1=8C5437CD76A89EC983E3B364E219944DA3DAB464,MD5=975B45B669930B0CC773EAF2B414206F,SHA256=3656F37A1C6951EC4496FABB8EE957D3A6E3C276D5A3785476B482C9C0D32EA2,IMPHASH=272245E2988E1E430500B852C4FB5E18</Data>
    <Data Name=""ParentProcessGuid"">747F3D96-E909-5F33-0000-00108C580000</Data>
    <Data Name=""ParentProcessId"">612</Data>
    <Data Name=""ParentImage"">C:\Windows\System32\services.exe</Data>
    <Data Name=""ParentCommandLine"">C:\Windows\system32\services.exe</Data>
  </EventData>
</Event>",MSEDGEWIN10,Microsoft-Windows-Sysmon/Operational
[T1086] PowerShell Process found,1556571561.539311,2019-04-30T00:59:21.539311+04:00,,Threat,High,Found User (IEWIN7\IEUser) running image ( C:\Windows\System32\WindowsPowerShell\v1.0\powershell.exe ) through command line ( &quot;C:\Windows\System32\WindowsPowerShell\v1.0\powershell.exe&quot; -s -NoLogo -NoProfile ),1,"<?xml version=""1.0"" encoding=""utf-8""?>
<Event xmlns=""http://schemas.microsoft.com/win/2004/08/events/event"">
  <System>
    <Provider Name=""Microsoft-Windows-Sysmon"" Guid=""5770385F-C22A-43E0-BF4C-06F5698FFBD9"">
    </Provider>
    <EventID>1</EventID>
    <Version>5</Version>
    <Level>4</Level>
    <Task>1</Task>
    <Opcode>0</Opcode>
    <Keywords>0x8000000000000000</Keywords>
    <TimeCreated SystemTime=""2019-04-29T20:59:21.539311Z"">
    </TimeCreated>
    <EventRecordID>8048</EventRecordID>
    <Correlation>
    </Correlation>
    <Execution ProcessID=""1896"" ThreadID=""1820"">
    </Execution>
    <Channel>Microsoft-Windows-Sysmon/Operational</Channel>
    <Computer>IEWIN7</Computer>
    <Security UserID=""S-1-5-18"">
    </Security>
  </System>
  <EventData>
    <Data Name=""RuleName""></Data>
    <Data Name=""UtcTime"">2019-04-29 20:59:21.539</Data>
    <Data Name=""ProcessGuid"">365ABB72-65A9-5CC7-0000-00104E5C2400</Data>
    <Data Name=""ProcessId"">3376</Data>
    <Data Name=""Image"">C:\Windows\System32\WindowsPowerShell\v1.0\powershell.exe</Data>
    <Data Name=""FileVersion"">6.1.7600.16385 (win7_rtm.090713-1255)</Data>
    <Data Name=""Description"">Windows PowerShell</Data>
    <Data Name=""Product"">Microsoft® Windows® Operating System</Data>
    <Data Name=""Company"">Microsoft Corporation</Data>
    <Data Name=""CommandLine"">&quot;C:\Windows\System32\WindowsPowerShell\v1.0\powershell.exe&quot; -s -NoLogo -NoProfile</Data>
    <Data Name=""CurrentDirectory"">C:\Users\IEUser\Desktop\invoke-pipeshell-master\</Data>
    <Data Name=""User"">IEWIN7\IEUser</Data>
    <Data Name=""LogonGuid"">365ABB72-5B3A-5CC7-0000-002096080100</Data>
    <Data Name=""LogonId"">0x10896</Data>
    <Data Name=""TerminalSessionId"">1</Data>
    <Data Name=""IntegrityLevel"">High</Data>
    <Data Name=""Hashes"">SHA1=04C5D2B4DA9A0F3FA8A45702D4256CEE42D8C48D,MD5=92F44E405DB16AC55D97E3BFE3B132FA,SHA256=6C05E11399B7E3C8ED31BAE72014CF249C144A8F4A2C54A758EB2E6FAD47AEC7,IMPHASH=96BA691B035D05F44E35AB23F6BA946C</Data>
    <Data Name=""ParentProcessGuid"">365ABB72-6231-5CC7-0000-00104CF71800</Data>
    <Data Name=""ParentProcessId"">3940</Data>
    <Data Name=""ParentImage"">C:\Windows\System32\WindowsPowerShell\v1.0\powershell.exe</Data>
    <Data Name=""ParentCommandLine"">powershell</Data>
  </EventData>
</Event>",IEWIN7,Microsoft-Windows-Sysmon/Operational
[T1059] Command-Line Interface,1556656513.512339,2019-05-01T00:35:13.512339+04:00,,Threat,Low,Found User (IEWIN7\IEUser) running image ( C:\Windows\System32\cmd.exe ) through command line ( &quot;C:\Windows\System32\cmd.exe&quot; /Q /c cd  1&gt; \\127.0.0.1\ADMIN$\__1556656511.61 2&gt;&amp;1 ),1,"<?xml version=""1.0"" encoding=""utf-8""?>
<Event xmlns=""http://schemas.microsoft.com/win/2004/08/events/event"">
  <System>
    <Provider Name=""Microsoft-Windows-Sysmon"" Guid=""5770385F-C22A-43E0-BF4C-06F5698FFBD9"">
    </Provider>
    <EventID>1</EventID>
    <Version>5</Version>
    <Level>4</Level>
    <Task>1</Task>
    <Opcode>0</Opcode>
    <Keywords>0x8000000000000000</Keywords>
    <TimeCreated SystemTime=""2019-04-30T20:35:13.449839Z"">
    </TimeCreated>
    <EventRecordID>9838</EventRecordID>
    <Correlation>
    </Correlation>
    <Execution ProcessID=""1964"" ThreadID=""1664"">
    </Execution>
    <Channel>Microsoft-Windows-Sysmon/Operational</Channel>
    <Computer>IEWIN7</Computer>
    <Security UserID=""S-1-5-18"">
    </Security>
  </System>
  <EventData>
    <Data Name=""RuleName""></Data>
    <Data Name=""UtcTime"">2019-04-30 20:35:13.434</Data>
    <Data Name=""ProcessGuid"">365ABB72-B181-5CC8-0000-0010ADBF1E00</Data>
    <Data Name=""ProcessId"">3372</Data>
    <Data Name=""Image"">C:\Windows\System32\cmd.exe</Data>
    <Data Name=""FileVersion"">6.1.7601.17514 (win7sp1_rtm.101119-1850)</Data>
    <Data Name=""Description"">Windows Command Processor</Data>
    <Data Name=""Product"">Microsoft® Windows® Operating System</Data>
    <Data Name=""Company"">Microsoft Corporation</Data>
    <Data Name=""CommandLine"">&quot;C:\Windows\System32\cmd.exe&quot; /Q /c cd  1&gt; \\127.0.0.1\ADMIN$\__1556656511.61 2&gt;&amp;1</Data>
    <Data Name=""CurrentDirectory"">C:\</Data>
    <Data Name=""User"">IEWIN7\IEUser</Data>
    <Data Name=""LogonGuid"">365ABB72-B17F-5CC8-0000-0020C6A31E00</Data>
    <Data Name=""LogonId"">0x1ea3c6</Data>
    <Data Name=""TerminalSessionId"">0</Data>
    <Data Name=""IntegrityLevel"">High</Data>
    <Data Name=""Hashes"">SHA1=EE8CBF12D87C4D388F09B4F69BED2E91682920B5,MD5=AD7B9C14083B52BC532FBA5948342B98,SHA256=17F746D82695FA9B35493B41859D39D786D32B23A9D2E00F4011DEC7A02402AE,IMPHASH=CEEFB55F764020CC5C5F8F23349AB163</Data>
    <Data Name=""ParentProcessGuid"">365ABB72-B17F-5CC8-0000-001082A51E00</Data>
    <Data Name=""ParentProcessId"">3572</Data>
    <Data Name=""ParentImage"">C:\Windows\System32\mmc.exe</Data>
    <Data Name=""ParentCommandLine"">C:\Windows\system32\mmc.exe -Embedding</Data>
  </EventData>
</Event>",IEWIN7,Microsoft-Windows-Sysmon/Operational
[T1059] Command-Line Interface,1556656371.371714,2019-05-01T00:32:51.371714+04:00,,Threat,Low,Found User (IEWIN7\IEUser) running image ( C:\Windows\System32\cmd.exe ) through command line ( cmd.exe /Q /c whoami /all 1&gt; \\127.0.0.1\ADMIN$\__1556656369.7 2&gt;&amp;1 ),1,"<?xml version=""1.0"" encoding=""utf-8""?>
<Event xmlns=""http://schemas.microsoft.com/win/2004/08/events/event"">
  <System>
    <Provider Name=""Microsoft-Windows-Sysmon"" Guid=""5770385F-C22A-43E0-BF4C-06F5698FFBD9"">
    </Provider>
    <EventID>1</EventID>
    <Version>5</Version>
    <Level>4</Level>
    <Task>1</Task>
    <Opcode>0</Opcode>
    <Keywords>0x8000000000000000</Keywords>
    <TimeCreated SystemTime=""2019-04-30T20:32:51.324839Z"">
    </TimeCreated>
    <EventRecordID>9828</EventRecordID>
    <Correlation>
    </Correlation>
    <Execution ProcessID=""1964"" ThreadID=""1664"">
    </Execution>
    <Channel>Microsoft-Windows-Sysmon/Operational</Channel>
    <Computer>IEWIN7</Computer>
    <Security UserID=""S-1-5-18"">
    </Security>
  </System>
  <EventData>
    <Data Name=""RuleName""></Data>
    <Data Name=""UtcTime"">2019-04-30 20:32:51.324</Data>
    <Data Name=""ProcessGuid"">365ABB72-B0F3-5CC8-0000-0010C43A1D00</Data>
    <Data Name=""ProcessId"">2828</Data>
    <Data Name=""Image"">C:\Windows\System32\cmd.exe</Data>
    <Data Name=""FileVersion"">6.1.7601.17514 (win7sp1_rtm.101119-1850)</Data>
    <Data Name=""Description"">Windows Command Processor</Data>
    <Data Name=""Product"">Microsoft® Windows® Operating System</Data>
    <Data Name=""Company"">Microsoft Corporation</Data>
    <Data Name=""CommandLine"">cmd.exe /Q /c whoami /all 1&gt; \\127.0.0.1\ADMIN$\__1556656369.7 2&gt;&amp;1</Data>
    <Data Name=""CurrentDirectory"">C:\</Data>
    <Data Name=""User"">IEWIN7\IEUser</Data>
    <Data Name=""LogonGuid"">365ABB72-B0F2-5CC8-0000-00203D311D00</Data>
    <Data Name=""LogonId"">0x1d313d</Data>
    <Data Name=""TerminalSessionId"">0</Data>
    <Data Name=""IntegrityLevel"">High</Data>
    <Data Name=""Hashes"">SHA1=EE8CBF12D87C4D388F09B4F69BED2E91682920B5,MD5=AD7B9C14083B52BC532FBA5948342B98,SHA256=17F746D82695FA9B35493B41859D39D786D32B23A9D2E00F4011DEC7A02402AE,IMPHASH=CEEFB55F764020CC5C5F8F23349AB163</Data>
    <Data Name=""ParentProcessGuid"">365ABB72-B0C0-5CC8-0000-001017C31C00</Data>
    <Data Name=""ParentProcessId"">836</Data>
    <Data Name=""ParentImage"">C:\Windows\System32\wbem\WmiPrvSE.exe</Data>
    <Data Name=""ParentCommandLine"">C:\Windows\system32\wbem\wmiprvse.exe -secured -Embedding</Data>
  </EventData>
</Event>",IEWIN7,Microsoft-Windows-Sysmon/Operational
[T1047] Windows Management Instrumentation - Process,1556656371.371714,2019-05-01T00:32:51.371714+04:00,,Threat,High,Found User (IEWIN7\IEUser) running image ( C:\Windows\System32\cmd.exe ) through command line ( cmd.exe /Q /c whoami /all 1&gt; \\127.0.0.1\ADMIN$\__1556656369.7 2&gt;&amp;1 ),1,"<?xml version=""1.0"" encoding=""utf-8""?>
<Event xmlns=""http://schemas.microsoft.com/win/2004/08/events/event"">
  <System>
    <Provider Name=""Microsoft-Windows-Sysmon"" Guid=""5770385F-C22A-43E0-BF4C-06F5698FFBD9"">
    </Provider>
    <EventID>1</EventID>
    <Version>5</Version>
    <Level>4</Level>
    <Task>1</Task>
    <Opcode>0</Opcode>
    <Keywords>0x8000000000000000</Keywords>
    <TimeCreated SystemTime=""2019-04-30T20:32:51.324839Z"">
    </TimeCreated>
    <EventRecordID>9828</EventRecordID>
    <Correlation>
    </Correlation>
    <Execution ProcessID=""1964"" ThreadID=""1664"">
    </Execution>
    <Channel>Microsoft-Windows-Sysmon/Operational</Channel>
    <Computer>IEWIN7</Computer>
    <Security UserID=""S-1-5-18"">
    </Security>
  </System>
  <EventData>
    <Data Name=""RuleName""></Data>
    <Data Name=""UtcTime"">2019-04-30 20:32:51.324</Data>
    <Data Name=""ProcessGuid"">365ABB72-B0F3-5CC8-0000-0010C43A1D00</Data>
    <Data Name=""ProcessId"">2828</Data>
    <Data Name=""Image"">C:\Windows\System32\cmd.exe</Data>
    <Data Name=""FileVersion"">6.1.7601.17514 (win7sp1_rtm.101119-1850)</Data>
    <Data Name=""Description"">Windows Command Processor</Data>
    <Data Name=""Product"">Microsoft® Windows® Operating System</Data>
    <Data Name=""Company"">Microsoft Corporation</Data>
    <Data Name=""CommandLine"">cmd.exe /Q /c whoami /all 1&gt; \\127.0.0.1\ADMIN$\__1556656369.7 2&gt;&amp;1</Data>
    <Data Name=""CurrentDirectory"">C:\</Data>
    <Data Name=""User"">IEWIN7\IEUser</Data>
    <Data Name=""LogonGuid"">365ABB72-B0F2-5CC8-0000-00203D311D00</Data>
    <Data Name=""LogonId"">0x1d313d</Data>
    <Data Name=""TerminalSessionId"">0</Data>
    <Data Name=""IntegrityLevel"">High</Data>
    <Data Name=""Hashes"">SHA1=EE8CBF12D87C4D388F09B4F69BED2E91682920B5,MD5=AD7B9C14083B52BC532FBA5948342B98,SHA256=17F746D82695FA9B35493B41859D39D786D32B23A9D2E00F4011DEC7A02402AE,IMPHASH=CEEFB55F764020CC5C5F8F23349AB163</Data>
    <Data Name=""ParentProcessGuid"">365ABB72-B0C0-5CC8-0000-001017C31C00</Data>
    <Data Name=""ParentProcessId"">836</Data>
    <Data Name=""ParentImage"">C:\Windows\System32\wbem\WmiPrvSE.exe</Data>
    <Data Name=""ParentCommandLine"">C:\Windows\system32\wbem\wmiprvse.exe -secured -Embedding</Data>
  </EventData>
</Event>",IEWIN7,Microsoft-Windows-Sysmon/Operational
[T1047] Windows Management Instrumentation - Instances of an Active Script Event Consumer - Process,1556656371.371714,2019-05-01T00:32:51.371714+04:00,,Threat,High,Found User (IEWIN7\IEUser) running image ( C:\Windows\System32\cmd.exe ) through command line ( cmd.exe /Q /c whoami /all 1&gt; \\127.0.0.1\ADMIN$\__1556656369.7 2&gt;&amp;1 ),1,"<?xml version=""1.0"" encoding=""utf-8""?>
<Event xmlns=""http://schemas.microsoft.com/win/2004/08/events/event"">
  <System>
    <Provider Name=""Microsoft-Windows-Sysmon"" Guid=""5770385F-C22A-43E0-BF4C-06F5698FFBD9"">
    </Provider>
    <EventID>1</EventID>
    <Version>5</Version>
    <Level>4</Level>
    <Task>1</Task>
    <Opcode>0</Opcode>
    <Keywords>0x8000000000000000</Keywords>
    <TimeCreated SystemTime=""2019-04-30T20:32:51.324839Z"">
    </TimeCreated>
    <EventRecordID>9828</EventRecordID>
    <Correlation>
    </Correlation>
    <Execution ProcessID=""1964"" ThreadID=""1664"">
    </Execution>
    <Channel>Microsoft-Windows-Sysmon/Operational</Channel>
    <Computer>IEWIN7</Computer>
    <Security UserID=""S-1-5-18"">
    </Security>
  </System>
  <EventData>
    <Data Name=""RuleName""></Data>
    <Data Name=""UtcTime"">2019-04-30 20:32:51.324</Data>
    <Data Name=""ProcessGuid"">365ABB72-B0F3-5CC8-0000-0010C43A1D00</Data>
    <Data Name=""ProcessId"">2828</Data>
    <Data Name=""Image"">C:\Windows\System32\cmd.exe</Data>
    <Data Name=""FileVersion"">6.1.7601.17514 (win7sp1_rtm.101119-1850)</Data>
    <Data Name=""Description"">Windows Command Processor</Data>
    <Data Name=""Product"">Microsoft® Windows® Operating System</Data>
    <Data Name=""Company"">Microsoft Corporation</Data>
    <Data Name=""CommandLine"">cmd.exe /Q /c whoami /all 1&gt; \\127.0.0.1\ADMIN$\__1556656369.7 2&gt;&amp;1</Data>
    <Data Name=""CurrentDirectory"">C:\</Data>
    <Data Name=""User"">IEWIN7\IEUser</Data>
    <Data Name=""LogonGuid"">365ABB72-B0F2-5CC8-0000-00203D311D00</Data>
    <Data Name=""LogonId"">0x1d313d</Data>
    <Data Name=""TerminalSessionId"">0</Data>
    <Data Name=""IntegrityLevel"">High</Data>
    <Data Name=""Hashes"">SHA1=EE8CBF12D87C4D388F09B4F69BED2E91682920B5,MD5=AD7B9C14083B52BC532FBA5948342B98,SHA256=17F746D82695FA9B35493B41859D39D786D32B23A9D2E00F4011DEC7A02402AE,IMPHASH=CEEFB55F764020CC5C5F8F23349AB163</Data>
    <Data Name=""ParentProcessGuid"">365ABB72-B0C0-5CC8-0000-001017C31C00</Data>
    <Data Name=""ParentProcessId"">836</Data>
    <Data Name=""ParentImage"">C:\Windows\System32\wbem\WmiPrvSE.exe</Data>
    <Data Name=""ParentCommandLine"">C:\Windows\system32\wbem\wmiprvse.exe -secured -Embedding</Data>
  </EventData>
</Event>",IEWIN7,Microsoft-Windows-Sysmon/Operational
Prohibited Process connecting to internet,-11644473600.0,1601-01-01T04:00:00+04:00,,Threat,Critical,"User (NT AUTHORITY\SYSTEM) run process C:\Windows\System32\WindowsPowerShell\v1.0\powershell.exe and initiated network connection from hostname ( IEWIN7 and IP ( 10.0.2.18 ) to hostname (  ) , IP ( 10.0.2.19 ) and port ( 4444 )",3,"<?xml version=""1.0"" encoding=""utf-8""?>
<Event xmlns=""http://schemas.microsoft.com/win/2004/08/events/event"">
  <System>
    <Provider Name=""Microsoft-Windows-Sysmon"" Guid=""5770385F-C22A-43E0-BF4C-06F5698FFBD9"">
    </Provider>
    <EventID>3</EventID>
    <Version>5</Version>
    <Level>4</Level>
    <Task>3</Task>
    <Opcode>0</Opcode>
    <Keywords>0x8000000000000000</Keywords>
    <TimeCreated SystemTime=""2019-04-30T20:26:54.152964Z"">
    </TimeCreated>
    <EventRecordID>9813</EventRecordID>
    <Correlation>
    </Correlation>
    <Execution ProcessID=""1964"" ThreadID=""1568"">
    </Execution>
    <Channel>Microsoft-Windows-Sysmon/Operational</Channel>
    <Computer>IEWIN7</Computer>
    <Security UserID=""S-1-5-18"">
    </Security>
  </System>
  <EventData>
    <Data Name=""RuleName""></Data>
    <Data Name=""UtcTime"">2019-04-30 20:26:52.794</Data>
    <Data Name=""ProcessGuid"">365ABB72-AF8C-5CC8-0000-001003361900</Data>
    <Data Name=""ProcessId"">2484</Data>
    <Data Name=""Image"">C:\Windows\System32\WindowsPowerShell\v1.0\powershell.exe</Data>
    <Data Name=""User"">NT AUTHORITY\SYSTEM</Data>
    <Data Name=""Protocol"">tcp</Data>
    <Data Name=""Initiated"">true</Data>
    <Data Name=""SourceIsIpv6"">false</Data>
    <Data Name=""SourceIp"">10.0.2.18</Data>
    <Data Name=""SourceHostname"">IEWIN7</Data>
    <Data Name=""SourcePort"">49160</Data>
    <Data Name=""SourcePortName""></Data>
    <Data Name=""DestinationIsIpv6"">false</Data>
    <Data Name=""DestinationIp"">10.0.2.19</Data>
    <Data Name=""DestinationHostname""></Data>
    <Data Name=""DestinationPort"">4444</Data>
    <Data Name=""DestinationPortName""></Data>
  </EventData>
</Event>",IEWIN7,Microsoft-Windows-Sysmon/Operational
[T1117] Bypassing Application Whitelisting,1579034803.819347,2020-01-15T00:46:43.819347+04:00,,Threat,High,"[T1117] Bypassing Application Whitelisting , Process ( C:\Windows\System32\rundll32.exe) with commandline ( rundll32 url.dll,OpenURL ms-browser://)",1,"<?xml version=""1.0"" encoding=""utf-8""?>
<Event xmlns=""http://schemas.microsoft.com/win/2004/08/events/event"">
  <System>
    <Provider Name=""Microsoft-Windows-Sysmon"" Guid=""5770385F-C22A-43E0-BF4C-06F5698FFBD9"">
    </Provider>
    <EventID>1</EventID>
    <Version>5</Version>
    <Level>4</Level>
    <Task>1</Task>
    <Opcode>0</Opcode>
    <Keywords>0x8000000000000000</Keywords>
    <TimeCreated SystemTime=""2020-01-14T20:46:43.237922Z"">
    </TimeCreated>
    <EventRecordID>340</EventRecordID>
    <Correlation>
    </Correlation>
    <Execution ProcessID=""1840"" ThreadID=""8032"">
    </Execution>
    <Channel>Microsoft-Windows-Sysmon/Operational</Channel>
    <Computer>MSEDGEWIN10</Computer>
    <Security UserID=""S-1-5-18"">
    </Security>
  </System>
  <EventData>
    <Data Name=""RuleName""></Data>
    <Data Name=""UtcTime"">2020-01-14 20:46:43.232</Data>
    <Data Name=""ProcessGuid"">747F3D96-28B3-5E1E-0000-00101DF17B00</Data>
    <Data Name=""ProcessId"">3412</Data>
    <Data Name=""Image"">C:\Windows\System32\rundll32.exe</Data>
    <Data Name=""FileVersion"">10.0.17763.1 (WinBuild.160101.0800)</Data>
    <Data Name=""Description"">Windows host process (Rundll32)</Data>
    <Data Name=""Product"">Microsoft® Windows® Operating System</Data>
    <Data Name=""Company"">Microsoft Corporation</Data>
    <Data Name=""OriginalFileName"">RUNDLL32.EXE</Data>
    <Data Name=""CommandLine"">rundll32 url.dll,OpenURL ms-browser://</Data>
    <Data Name=""CurrentDirectory"">C:\Windows\system32\</Data>
    <Data Name=""User"">MSEDGEWIN10\IEUser</Data>
    <Data Name=""LogonGuid"">747F3D96-28B3-5E1E-0000-002057EB7B00</Data>
    <Data Name=""LogonId"">0x7beb57</Data>
    <Data Name=""TerminalSessionId"">0</Data>
    <Data Name=""IntegrityLevel"">High</Data>
    <Data Name=""Hashes"">SHA1=F3BA3415DD068A8871F285570BEA2E29874CBFF1,MD5=C73BA51880F5A7FB20C84185A23212EF,SHA256=01B407AF0200B66A34D9B1FA6D9EAAB758EFA36A36BB99B554384F59F8690B1A,IMPHASH=F27A7FC3A53E74F45BE370131953896A</Data>
    <Data Name=""ParentProcessGuid"">747F3D96-28B3-5E1E-0000-0010CAEC7B00</Data>
    <Data Name=""ParentProcessId"">1632</Data>
    <Data Name=""ParentImage"">C:\Windows\System32\wbem\WmiPrvSE.exe</Data>
    <Data Name=""ParentCommandLine"">C:\Windows\system32\wbem\wmiprvse.exe -secured -Embedding</Data>
  </EventData>
</Event>",MSEDGEWIN10,Microsoft-Windows-Sysmon/Operational
[T1053] Scheduled Task - Process,1618950794.242705,2021-04-21T00:33:14.242705+04:00,,Threat,Low,Found User (NT AUTHORITY\SYSTEM) running image ( C:\Windows\System32\svchost.exe ) through command line ( C:\Windows\system32\svchost.exe -k netsvcs -p -s gpsvc ),1,"<?xml version=""1.0"" encoding=""utf-8""?>
<Event xmlns=""http://schemas.microsoft.com/win/2004/08/events/event"">
  <System>
    <Provider Name=""Microsoft-Windows-Sysmon"" Guid=""5770385F-C22A-43E0-BF4C-06F5698FFBD9"">
    </Provider>
    <EventID>1</EventID>
    <Version>5</Version>
    <Level>4</Level>
    <Task>1</Task>
    <Opcode>0</Opcode>
    <Keywords>0x8000000000000000</Keywords>
    <TimeCreated SystemTime=""2021-04-20T20:33:13.741579Z"">
    </TimeCreated>
    <EventRecordID>578503</EventRecordID>
    <Correlation>
    </Correlation>
    <Execution ProcessID=""3392"" ThreadID=""4112"">
    </Execution>
    <Channel>Microsoft-Windows-Sysmon/Operational</Channel>
    <Computer>MSEDGEWIN10</Computer>
    <Security UserID=""S-1-5-18"">
    </Security>
  </System>
  <EventData>
    <Data Name=""RuleName""></Data>
    <Data Name=""UtcTime"">2021-04-20 20:33:13.680</Data>
    <Data Name=""ProcessGuid"">747F3D96-3A89-607F-0000-001028587700</Data>
    <Data Name=""ProcessId"">4912</Data>
    <Data Name=""Image"">C:\Windows\System32\svchost.exe</Data>
    <Data Name=""FileVersion"">10.0.17763.1 (WinBuild.160101.0800)</Data>
    <Data Name=""Description"">Host Process for Windows Services</Data>
    <Data Name=""Product"">Microsoft® Windows® Operating System</Data>
    <Data Name=""Company"">Microsoft Corporation</Data>
    <Data Name=""OriginalFileName"">svchost.exe</Data>
    <Data Name=""CommandLine"">C:\Windows\system32\svchost.exe -k netsvcs -p -s gpsvc</Data>
    <Data Name=""CurrentDirectory"">C:\Windows\system32\</Data>
    <Data Name=""User"">NT AUTHORITY\SYSTEM</Data>
    <Data Name=""LogonGuid"">747F3D96-82AE-607F-0000-0020E7030000</Data>
    <Data Name=""LogonId"">0x3e7</Data>
    <Data Name=""TerminalSessionId"">0</Data>
    <Data Name=""IntegrityLevel"">System</Data>
    <Data Name=""Hashes"">SHA1=A1385CE20AD79F55DF235EFFD9780C31442AA234,MD5=8A0A29438052FAED8A2532DA50455756,SHA256=7FD065BAC18C5278777AE44908101CDFED72D26FA741367F0AD4D02020787AB6,IMPHASH=247B9220E5D9B720A82B2C8B5069AD69</Data>
    <Data Name=""ParentProcessGuid"">00000000-0000-0000-0000-000000000000</Data>
    <Data Name=""ParentProcessId"">612</Data>
    <Data Name=""ParentImage"">?</Data>
    <Data Name=""ParentCommandLine"">?</Data>
  </EventData>
</Event>",MSEDGEWIN10,Microsoft-Windows-Sysmon/Operational
"[T1117] Bypassing Application Whitelisting with Regsvr32,rundll32,certutil or scrobj ",1579034803.819347,2020-01-15T00:46:43.819347+04:00,,Threat,High,"Found User (MSEDGEWIN10\IEUser) running image ( C:\Windows\System32\rundll32.exe ) through command line ( rundll32 url.dll,OpenURL ms-browser:// )",1,"<?xml version=""1.0"" encoding=""utf-8""?>
<Event xmlns=""http://schemas.microsoft.com/win/2004/08/events/event"">
  <System>
    <Provider Name=""Microsoft-Windows-Sysmon"" Guid=""5770385F-C22A-43E0-BF4C-06F5698FFBD9"">
    </Provider>
    <EventID>1</EventID>
    <Version>5</Version>
    <Level>4</Level>
    <Task>1</Task>
    <Opcode>0</Opcode>
    <Keywords>0x8000000000000000</Keywords>
    <TimeCreated SystemTime=""2020-01-14T20:46:43.237922Z"">
    </TimeCreated>
    <EventRecordID>340</EventRecordID>
    <Correlation>
    </Correlation>
    <Execution ProcessID=""1840"" ThreadID=""8032"">
    </Execution>
    <Channel>Microsoft-Windows-Sysmon/Operational</Channel>
    <Computer>MSEDGEWIN10</Computer>
    <Security UserID=""S-1-5-18"">
    </Security>
  </System>
  <EventData>
    <Data Name=""RuleName""></Data>
    <Data Name=""UtcTime"">2020-01-14 20:46:43.232</Data>
    <Data Name=""ProcessGuid"">747F3D96-28B3-5E1E-0000-00101DF17B00</Data>
    <Data Name=""ProcessId"">3412</Data>
    <Data Name=""Image"">C:\Windows\System32\rundll32.exe</Data>
    <Data Name=""FileVersion"">10.0.17763.1 (WinBuild.160101.0800)</Data>
    <Data Name=""Description"">Windows host process (Rundll32)</Data>
    <Data Name=""Product"">Microsoft® Windows® Operating System</Data>
    <Data Name=""Company"">Microsoft Corporation</Data>
    <Data Name=""OriginalFileName"">RUNDLL32.EXE</Data>
    <Data Name=""CommandLine"">rundll32 url.dll,OpenURL ms-browser://</Data>
    <Data Name=""CurrentDirectory"">C:\Windows\system32\</Data>
    <Data Name=""User"">MSEDGEWIN10\IEUser</Data>
    <Data Name=""LogonGuid"">747F3D96-28B3-5E1E-0000-002057EB7B00</Data>
    <Data Name=""LogonId"">0x7beb57</Data>
    <Data Name=""TerminalSessionId"">0</Data>
    <Data Name=""IntegrityLevel"">High</Data>
    <Data Name=""Hashes"">SHA1=F3BA3415DD068A8871F285570BEA2E29874CBFF1,MD5=C73BA51880F5A7FB20C84185A23212EF,SHA256=01B407AF0200B66A34D9B1FA6D9EAAB758EFA36A36BB99B554384F59F8690B1A,IMPHASH=F27A7FC3A53E74F45BE370131953896A</Data>
    <Data Name=""ParentProcessGuid"">747F3D96-28B3-5E1E-0000-0010CAEC7B00</Data>
    <Data Name=""ParentProcessId"">1632</Data>
    <Data Name=""ParentImage"">C:\Windows\System32\wbem\WmiPrvSE.exe</Data>
    <Data Name=""ParentCommandLine"">C:\Windows\system32\wbem\wmiprvse.exe -secured -Embedding</Data>
  </EventData>
</Event>",MSEDGEWIN10,Microsoft-Windows-Sysmon/Operational
[T1085] Rundll32 Execution detected,1579034803.819347,2020-01-15T00:46:43.819347+04:00,,Threat,High,"Found User (MSEDGEWIN10\IEUser) running image ( C:\Windows\System32\rundll32.exe ) through command line ( rundll32 url.dll,OpenURL ms-browser:// )",1,"<?xml version=""1.0"" encoding=""utf-8""?>
<Event xmlns=""http://schemas.microsoft.com/win/2004/08/events/event"">
  <System>
    <Provider Name=""Microsoft-Windows-Sysmon"" Guid=""5770385F-C22A-43E0-BF4C-06F5698FFBD9"">
    </Provider>
    <EventID>1</EventID>
    <Version>5</Version>
    <Level>4</Level>
    <Task>1</Task>
    <Opcode>0</Opcode>
    <Keywords>0x8000000000000000</Keywords>
    <TimeCreated SystemTime=""2020-01-14T20:46:43.237922Z"">
    </TimeCreated>
    <EventRecordID>340</EventRecordID>
    <Correlation>
    </Correlation>
    <Execution ProcessID=""1840"" ThreadID=""8032"">
    </Execution>
    <Channel>Microsoft-Windows-Sysmon/Operational</Channel>
    <Computer>MSEDGEWIN10</Computer>
    <Security UserID=""S-1-5-18"">
    </Security>
  </System>
  <EventData>
    <Data Name=""RuleName""></Data>
    <Data Name=""UtcTime"">2020-01-14 20:46:43.232</Data>
    <Data Name=""ProcessGuid"">747F3D96-28B3-5E1E-0000-00101DF17B00</Data>
    <Data Name=""ProcessId"">3412</Data>
    <Data Name=""Image"">C:\Windows\System32\rundll32.exe</Data>
    <Data Name=""FileVersion"">10.0.17763.1 (WinBuild.160101.0800)</Data>
    <Data Name=""Description"">Windows host process (Rundll32)</Data>
    <Data Name=""Product"">Microsoft® Windows® Operating System</Data>
    <Data Name=""Company"">Microsoft Corporation</Data>
    <Data Name=""OriginalFileName"">RUNDLL32.EXE</Data>
    <Data Name=""CommandLine"">rundll32 url.dll,OpenURL ms-browser://</Data>
    <Data Name=""CurrentDirectory"">C:\Windows\system32\</Data>
    <Data Name=""User"">MSEDGEWIN10\IEUser</Data>
    <Data Name=""LogonGuid"">747F3D96-28B3-5E1E-0000-002057EB7B00</Data>
    <Data Name=""LogonId"">0x7beb57</Data>
    <Data Name=""TerminalSessionId"">0</Data>
    <Data Name=""IntegrityLevel"">High</Data>
    <Data Name=""Hashes"">SHA1=F3BA3415DD068A8871F285570BEA2E29874CBFF1,MD5=C73BA51880F5A7FB20C84185A23212EF,SHA256=01B407AF0200B66A34D9B1FA6D9EAAB758EFA36A36BB99B554384F59F8690B1A,IMPHASH=F27A7FC3A53E74F45BE370131953896A</Data>
    <Data Name=""ParentProcessGuid"">747F3D96-28B3-5E1E-0000-0010CAEC7B00</Data>
    <Data Name=""ParentProcessId"">1632</Data>
    <Data Name=""ParentImage"">C:\Windows\System32\wbem\WmiPrvSE.exe</Data>
    <Data Name=""ParentCommandLine"">C:\Windows\system32\wbem\wmiprvse.exe -secured -Embedding</Data>
  </EventData>
</Event>",MSEDGEWIN10,Microsoft-Windows-Sysmon/Operational
[T1059] Command-Line Interface,1597237536.555348,2020-08-12T17:05:36.555348+04:00,,Threat,Low,Found User (NT AUTHORITY\SYSTEM) running image ( C:\Windows\System32\cmd.exe ) through command line ( C:\Windows\SYSTEM32\cmd.exe /c &quot;&quot;C:\Program Files\Npcap\CheckStatus.bat&quot;&quot; ),1,"<?xml version=""1.0"" encoding=""utf-8""?>
<Event xmlns=""http://schemas.microsoft.com/win/2004/08/events/event"">
  <System>
    <Provider Name=""Microsoft-Windows-Sysmon"" Guid=""5770385F-C22A-43E0-BF4C-06F5698FFBD9"">
    </Provider>
    <EventID>1</EventID>
    <Version>5</Version>
    <Level>4</Level>
    <Task>1</Task>
    <Opcode>0</Opcode>
    <Keywords>0x8000000000000000</Keywords>
    <TimeCreated SystemTime=""2020-08-12T13:05:20.029483Z"">
    </TimeCreated>
    <EventRecordID>342406</EventRecordID>
    <Correlation>
    </Correlation>
    <Execution ProcessID=""3344"" ThreadID=""4176"">
    </Execution>
    <Channel>Microsoft-Windows-Sysmon/Operational</Channel>
    <Computer>MSEDGEWIN10</Computer>
    <Security UserID=""S-1-5-18"">
    </Security>
  </System>
  <EventData>
    <Data Name=""RuleName""></Data>
    <Data Name=""UtcTime"">2020-08-12 13:05:14.798</Data>
    <Data Name=""ProcessGuid"">747F3D96-E90A-5F33-0000-0010863C0100</Data>
    <Data Name=""ProcessId"">1740</Data>
    <Data Name=""Image"">C:\Windows\System32\cmd.exe</Data>
    <Data Name=""FileVersion"">10.0.17763.592 (WinBuild.160101.0800)</Data>
    <Data Name=""Description"">Windows Command Processor</Data>
    <Data Name=""Product"">Microsoft® Windows® Operating System</Data>
    <Data Name=""Company"">Microsoft Corporation</Data>
    <Data Name=""OriginalFileName"">Cmd.Exe</Data>
    <Data Name=""CommandLine"">C:\Windows\SYSTEM32\cmd.exe /c &quot;&quot;C:\Program Files\Npcap\CheckStatus.bat&quot;&quot;</Data>
    <Data Name=""CurrentDirectory"">C:\Windows\system32\</Data>
    <Data Name=""User"">NT AUTHORITY\SYSTEM</Data>
    <Data Name=""LogonGuid"">747F3D96-E909-5F33-0000-0020E7030000</Data>
    <Data Name=""LogonId"">0x3e7</Data>
    <Data Name=""TerminalSessionId"">0</Data>
    <Data Name=""IntegrityLevel"">System</Data>
    <Data Name=""Hashes"">SHA1=8C5437CD76A89EC983E3B364E219944DA3DAB464,MD5=975B45B669930B0CC773EAF2B414206F,SHA256=3656F37A1C6951EC4496FABB8EE957D3A6E3C276D5A3785476B482C9C0D32EA2,IMPHASH=272245E2988E1E430500B852C4FB5E18</Data>
    <Data Name=""ParentProcessGuid"">747F3D96-E90A-5F33-0000-00102CF20000</Data>
    <Data Name=""ParentProcessId"">1180</Data>
    <Data Name=""ParentImage"">C:\Windows\System32\svchost.exe</Data>
    <Data Name=""ParentCommandLine"">C:\Windows\system32\svchost.exe -k netsvcs -p -s Schedule</Data>
  </EventData>
</Event>",MSEDGEWIN10,Microsoft-Windows-Sysmon/Operational
[T1117] Bypassing Application Whitelisting,1584766825.513362,2020-03-21T09:00:25.513362+04:00,,Threat,High,"[T1117] Bypassing Application Whitelisting , Process ( C:\Windows\System32\rundll32.exe) with commandline ( rundll32 windowscoredeviceinfo.dll,CreateBackdoor)",1,"<?xml version=""1.0"" encoding=""utf-8""?>
<Event xmlns=""http://schemas.microsoft.com/win/2004/08/events/event"">
  <System>
    <Provider Name=""Microsoft-Windows-Sysmon"" Guid=""5770385F-C22A-43E0-BF4C-06F5698FFBD9"">
    </Provider>
    <EventID>1</EventID>
    <Version>5</Version>
    <Level>4</Level>
    <Task>1</Task>
    <Opcode>0</Opcode>
    <Keywords>0x8000000000000000</Keywords>
    <TimeCreated SystemTime=""2020-03-21T05:00:25.499077Z"">
    </TimeCreated>
    <EventRecordID>243562</EventRecordID>
    <Correlation>
    </Correlation>
    <Execution ProcessID=""2860"" ThreadID=""3508"">
    </Execution>
    <Channel>Microsoft-Windows-Sysmon/Operational</Channel>
    <Computer>MSEDGEWIN10</Computer>
    <Security UserID=""S-1-5-18"">
    </Security>
  </System>
  <EventData>
    <Data Name=""RuleName""></Data>
    <Data Name=""UtcTime"">2020-03-21 05:00:25.488</Data>
    <Data Name=""ProcessGuid"">747F3D96-9F69-5E75-0000-00105B9A2000</Data>
    <Data Name=""ProcessId"">2028</Data>
    <Data Name=""Image"">C:\Windows\System32\rundll32.exe</Data>
    <Data Name=""FileVersion"">10.0.17763.1 (WinBuild.160101.0800)</Data>
    <Data Name=""Description"">Windows host process (Rundll32)</Data>
    <Data Name=""Product"">Microsoft® Windows® Operating System</Data>
    <Data Name=""Company"">Microsoft Corporation</Data>
    <Data Name=""OriginalFileName"">RUNDLL32.EXE</Data>
    <Data Name=""CommandLine"">rundll32 windowscoredeviceinfo.dll,CreateBackdoor</Data>
    <Data Name=""CurrentDirectory"">C:\Windows\system32\</Data>
    <Data Name=""User"">NT AUTHORITY\SYSTEM</Data>
    <Data Name=""LogonGuid"">747F3D96-9DBA-5E75-0000-0020E7030000</Data>
    <Data Name=""LogonId"">0x3e7</Data>
    <Data Name=""TerminalSessionId"">0</Data>
    <Data Name=""IntegrityLevel"">System</Data>
    <Data Name=""Hashes"">SHA1=F3BA3415DD068A8871F285570BEA2E29874CBFF1,MD5=C73BA51880F5A7FB20C84185A23212EF,SHA256=01B407AF0200B66A34D9B1FA6D9EAAB758EFA36A36BB99B554384F59F8690B1A,IMPHASH=F27A7FC3A53E74F45BE370131953896A</Data>
    <Data Name=""ParentProcessGuid"">747F3D96-9DBC-5E75-0000-00102C390100</Data>
    <Data Name=""ParentProcessId"">1652</Data>
    <Data Name=""ParentImage"">C:\Windows\System32\svchost.exe</Data>
    <Data Name=""ParentCommandLine"">C:\Windows\system32\svchost.exe -k netsvcs -p -s wuauserv</Data>
  </EventData>
</Event>",MSEDGEWIN10,Microsoft-Windows-Sysmon/Operational
[T1047] Windows Management Instrumentation - Process,1579034803.819347,2020-01-15T00:46:43.819347+04:00,,Threat,High,"Found User (MSEDGEWIN10\IEUser) running image ( C:\Windows\System32\rundll32.exe ) through command line ( rundll32 url.dll,OpenURL ms-browser:// )",1,"<?xml version=""1.0"" encoding=""utf-8""?>
<Event xmlns=""http://schemas.microsoft.com/win/2004/08/events/event"">
  <System>
    <Provider Name=""Microsoft-Windows-Sysmon"" Guid=""5770385F-C22A-43E0-BF4C-06F5698FFBD9"">
    </Provider>
    <EventID>1</EventID>
    <Version>5</Version>
    <Level>4</Level>
    <Task>1</Task>
    <Opcode>0</Opcode>
    <Keywords>0x8000000000000000</Keywords>
    <TimeCreated SystemTime=""2020-01-14T20:46:43.237922Z"">
    </TimeCreated>
    <EventRecordID>340</EventRecordID>
    <Correlation>
    </Correlation>
    <Execution ProcessID=""1840"" ThreadID=""8032"">
    </Execution>
    <Channel>Microsoft-Windows-Sysmon/Operational</Channel>
    <Computer>MSEDGEWIN10</Computer>
    <Security UserID=""S-1-5-18"">
    </Security>
  </System>
  <EventData>
    <Data Name=""RuleName""></Data>
    <Data Name=""UtcTime"">2020-01-14 20:46:43.232</Data>
    <Data Name=""ProcessGuid"">747F3D96-28B3-5E1E-0000-00101DF17B00</Data>
    <Data Name=""ProcessId"">3412</Data>
    <Data Name=""Image"">C:\Windows\System32\rundll32.exe</Data>
    <Data Name=""FileVersion"">10.0.17763.1 (WinBuild.160101.0800)</Data>
    <Data Name=""Description"">Windows host process (Rundll32)</Data>
    <Data Name=""Product"">Microsoft® Windows® Operating System</Data>
    <Data Name=""Company"">Microsoft Corporation</Data>
    <Data Name=""OriginalFileName"">RUNDLL32.EXE</Data>
    <Data Name=""CommandLine"">rundll32 url.dll,OpenURL ms-browser://</Data>
    <Data Name=""CurrentDirectory"">C:\Windows\system32\</Data>
    <Data Name=""User"">MSEDGEWIN10\IEUser</Data>
    <Data Name=""LogonGuid"">747F3D96-28B3-5E1E-0000-002057EB7B00</Data>
    <Data Name=""LogonId"">0x7beb57</Data>
    <Data Name=""TerminalSessionId"">0</Data>
    <Data Name=""IntegrityLevel"">High</Data>
    <Data Name=""Hashes"">SHA1=F3BA3415DD068A8871F285570BEA2E29874CBFF1,MD5=C73BA51880F5A7FB20C84185A23212EF,SHA256=01B407AF0200B66A34D9B1FA6D9EAAB758EFA36A36BB99B554384F59F8690B1A,IMPHASH=F27A7FC3A53E74F45BE370131953896A</Data>
    <Data Name=""ParentProcessGuid"">747F3D96-28B3-5E1E-0000-0010CAEC7B00</Data>
    <Data Name=""ParentProcessId"">1632</Data>
    <Data Name=""ParentImage"">C:\Windows\System32\wbem\WmiPrvSE.exe</Data>
    <Data Name=""ParentCommandLine"">C:\Windows\system32\wbem\wmiprvse.exe -secured -Embedding</Data>
  </EventData>
</Event>",MSEDGEWIN10,Microsoft-Windows-Sysmon/Operational
[T1047] Windows Management Instrumentation - Instances of an Active Script Event Consumer - Process,1579034803.819347,2020-01-15T00:46:43.819347+04:00,,Threat,High,"Found User (MSEDGEWIN10\IEUser) running image ( C:\Windows\System32\rundll32.exe ) through command line ( rundll32 url.dll,OpenURL ms-browser:// )",1,"<?xml version=""1.0"" encoding=""utf-8""?>
<Event xmlns=""http://schemas.microsoft.com/win/2004/08/events/event"">
  <System>
    <Provider Name=""Microsoft-Windows-Sysmon"" Guid=""5770385F-C22A-43E0-BF4C-06F5698FFBD9"">
    </Provider>
    <EventID>1</EventID>
    <Version>5</Version>
    <Level>4</Level>
    <Task>1</Task>
    <Opcode>0</Opcode>
    <Keywords>0x8000000000000000</Keywords>
    <TimeCreated SystemTime=""2020-01-14T20:46:43.237922Z"">
    </TimeCreated>
    <EventRecordID>340</EventRecordID>
    <Correlation>
    </Correlation>
    <Execution ProcessID=""1840"" ThreadID=""8032"">
    </Execution>
    <Channel>Microsoft-Windows-Sysmon/Operational</Channel>
    <Computer>MSEDGEWIN10</Computer>
    <Security UserID=""S-1-5-18"">
    </Security>
  </System>
  <EventData>
    <Data Name=""RuleName""></Data>
    <Data Name=""UtcTime"">2020-01-14 20:46:43.232</Data>
    <Data Name=""ProcessGuid"">747F3D96-28B3-5E1E-0000-00101DF17B00</Data>
    <Data Name=""ProcessId"">3412</Data>
    <Data Name=""Image"">C:\Windows\System32\rundll32.exe</Data>
    <Data Name=""FileVersion"">10.0.17763.1 (WinBuild.160101.0800)</Data>
    <Data Name=""Description"">Windows host process (Rundll32)</Data>
    <Data Name=""Product"">Microsoft® Windows® Operating System</Data>
    <Data Name=""Company"">Microsoft Corporation</Data>
    <Data Name=""OriginalFileName"">RUNDLL32.EXE</Data>
    <Data Name=""CommandLine"">rundll32 url.dll,OpenURL ms-browser://</Data>
    <Data Name=""CurrentDirectory"">C:\Windows\system32\</Data>
    <Data Name=""User"">MSEDGEWIN10\IEUser</Data>
    <Data Name=""LogonGuid"">747F3D96-28B3-5E1E-0000-002057EB7B00</Data>
    <Data Name=""LogonId"">0x7beb57</Data>
    <Data Name=""TerminalSessionId"">0</Data>
    <Data Name=""IntegrityLevel"">High</Data>
    <Data Name=""Hashes"">SHA1=F3BA3415DD068A8871F285570BEA2E29874CBFF1,MD5=C73BA51880F5A7FB20C84185A23212EF,SHA256=01B407AF0200B66A34D9B1FA6D9EAAB758EFA36A36BB99B554384F59F8690B1A,IMPHASH=F27A7FC3A53E74F45BE370131953896A</Data>
    <Data Name=""ParentProcessGuid"">747F3D96-28B3-5E1E-0000-0010CAEC7B00</Data>
    <Data Name=""ParentProcessId"">1632</Data>
    <Data Name=""ParentImage"">C:\Windows\System32\wbem\WmiPrvSE.exe</Data>
    <Data Name=""ParentCommandLine"">C:\Windows\system32\wbem\wmiprvse.exe -secured -Embedding</Data>
  </EventData>
</Event>",MSEDGEWIN10,Microsoft-Windows-Sysmon/Operational
"[T1117] Bypassing Application Whitelisting with Regsvr32,rundll32,certutil or scrobj ",1584766825.513362,2020-03-21T09:00:25.513362+04:00,,Threat,High,"Found User (NT AUTHORITY\SYSTEM) running image ( C:\Windows\System32\rundll32.exe ) through command line ( rundll32 windowscoredeviceinfo.dll,CreateBackdoor )",1,"<?xml version=""1.0"" encoding=""utf-8""?>
